{"E:\\qr-checklist\\frontend\\src\\lib\\api.js": {"path":"E:\\qr-checklist\\frontend\\src\\lib\\api.js","statementMap":{"0":{"start":{"line":3,"column":13},"end":{"line":3,"column":null}},"1":{"start":{"line":5,"column":12},"end":{"line":9,"column":2}},"2":{"start":{"line":16,"column":2},"end":{"line":18,"column":null}},"3":{"start":{"line":17,"column":4},"end":{"line":17,"column":null}},"4":{"start":{"line":27,"column":18},"end":{"line":31,"column":null}},"5":{"start":{"line":33,"column":2},"end":{"line":36,"column":null}},"6":{"start":{"line":34,"column":4},"end":{"line":34,"column":null}},"7":{"start":{"line":35,"column":4},"end":{"line":35,"column":null}},"8":{"start":{"line":36,"column":4},"end":{"line":36,"column":null}},"9":{"start":{"line":39,"column":19},"end":{"line":39,"column":55}},"10":{"start":{"line":40,"column":2},"end":{"line":40,"column":null}},"11":{"start":{"line":53,"column":18},"end":{"line":57,"column":null}},"12":{"start":{"line":58,"column":2},"end":{"line":61,"column":null}},"13":{"start":{"line":59,"column":4},"end":{"line":59,"column":null}},"14":{"start":{"line":60,"column":4},"end":{"line":60,"column":null}},"15":{"start":{"line":61,"column":4},"end":{"line":61,"column":null}},"16":{"start":{"line":63,"column":2},"end":{"line":75,"column":null}},"17":{"start":{"line":64,"column":21},"end":{"line":64,"column":57}},"18":{"start":{"line":65,"column":4},"end":{"line":65,"column":null}},"19":{"start":{"line":67,"column":23},"end":{"line":67,"column":null}},"20":{"start":{"line":71,"column":4},"end":{"line":72,"column":null}},"21":{"start":{"line":72,"column":6},"end":{"line":72,"column":null}},"22":{"start":{"line":75,"column":4},"end":{"line":75,"column":null}},"23":{"start":{"line":83,"column":17},"end":{"line":83,"column":37}},"24":{"start":{"line":84,"column":19},"end":{"line":84,"column":60}},"25":{"start":{"line":85,"column":2},"end":{"line":85,"column":null}},"26":{"start":{"line":97,"column":2},"end":{"line":102,"column":null}},"27":{"start":{"line":98,"column":4},"end":{"line":102,"column":null}},"28":{"start":{"line":104,"column":2},"end":{"line":111,"column":null}},"29":{"start":{"line":105,"column":21},"end":{"line":105,"column":81}},"30":{"start":{"line":106,"column":4},"end":{"line":106,"column":null}},"31":{"start":{"line":108,"column":19},"end":{"line":108,"column":null}},"32":{"start":{"line":109,"column":4},"end":{"line":109,"column":null}},"33":{"start":{"line":109,"column":16},"end":{"line":109,"column":null}},"34":{"start":{"line":110,"column":4},"end":{"line":110,"column":null}},"35":{"start":{"line":110,"column":37},"end":{"line":110,"column":null}},"36":{"start":{"line":111,"column":4},"end":{"line":111,"column":null}}},"fnMap":{"0":{"name":"pingServer","decl":{"start":{"line":15,"column":22},"end":{"line":15,"column":35}},"loc":{"start":{"line":15,"column":35},"end":{"line":18,"column":null}},"line":15},"1":{"name":"postScan","decl":{"start":{"line":26,"column":22},"end":{"line":26,"column":31}},"loc":{"start":{"line":26,"column":85},"end":{"line":40,"column":null}},"line":26},"2":{"name":"postQueuedScan","decl":{"start":{"line":52,"column":22},"end":{"line":52,"column":37}},"loc":{"start":{"line":52,"column":43},"end":{"line":75,"column":null}},"line":52},"3":{"name":"getReports","decl":{"start":{"line":82,"column":22},"end":{"line":82,"column":33}},"loc":{"start":{"line":82,"column":39},"end":{"line":85,"column":null}},"line":82},"4":{"name":"checkConnectivity","decl":{"start":{"line":96,"column":22},"end":{"line":96,"column":42}},"loc":{"start":{"line":96,"column":42},"end":{"line":111,"column":null}},"line":96}},"branchMap":{"0":{"loc":{"start":{"line":3,"column":13},"end":{"line":3,"column":null}},"type":"binary-expr","locations":[{"start":{"line":3,"column":13},"end":{"line":3,"column":45}},{"start":{"line":3,"column":45},"end":{"line":3,"column":null}}],"line":3},"1":{"loc":{"start":{"line":26,"column":51},"end":{"line":26,"column":67}},"type":"default-arg","locations":[{"start":{"line":26,"column":61},"end":{"line":26,"column":67}}],"line":26},"2":{"loc":{"start":{"line":26,"column":67},"end":{"line":26,"column":85}},"type":"default-arg","locations":[{"start":{"line":26,"column":79},"end":{"line":26,"column":85}}],"line":26},"3":{"loc":{"start":{"line":30,"column":16},"end":{"line":30,"column":null}},"type":"binary-expr","locations":[{"start":{"line":30,"column":16},"end":{"line":30,"column":29}},{"start":{"line":30,"column":29},"end":{"line":30,"column":null}}],"line":30},"4":{"loc":{"start":{"line":33,"column":2},"end":{"line":36,"column":null}},"type":"if","locations":[{"start":{"line":33,"column":2},"end":{"line":36,"column":null}},{"start":{},"end":{}}],"line":33},"5":{"loc":{"start":{"line":58,"column":2},"end":{"line":61,"column":null}},"type":"if","locations":[{"start":{"line":58,"column":2},"end":{"line":61,"column":null}},{"start":{},"end":{}}],"line":58},"6":{"loc":{"start":{"line":71,"column":4},"end":{"line":72,"column":null}},"type":"if","locations":[{"start":{"line":71,"column":4},"end":{"line":72,"column":null}},{"start":{},"end":{}}],"line":71},"7":{"loc":{"start":{"line":71,"column":8},"end":{"line":71,"column":69}},"type":"binary-expr","locations":[{"start":{"line":71,"column":8},"end":{"line":71,"column":30}},{"start":{"line":71,"column":30},"end":{"line":71,"column":51}},{"start":{"line":71,"column":51},"end":{"line":71,"column":69}}],"line":71},"8":{"loc":{"start":{"line":72,"column":13},"end":{"line":72,"column":37}},"type":"binary-expr","locations":[{"start":{"line":72,"column":13},"end":{"line":72,"column":35}},{"start":{"line":72,"column":35},"end":{"line":72,"column":37}}],"line":72},"9":{"loc":{"start":{"line":83,"column":17},"end":{"line":83,"column":37}},"type":"cond-expr","locations":[{"start":{"line":83,"column":24},"end":{"line":83,"column":32}},{"start":{"line":83,"column":35},"end":{"line":83,"column":37}}],"line":83},"10":{"loc":{"start":{"line":97,"column":2},"end":{"line":102,"column":null}},"type":"if","locations":[{"start":{"line":97,"column":2},"end":{"line":102,"column":null}},{"start":{},"end":{}}],"line":97},"11":{"loc":{"start":{"line":97,"column":6},"end":{"line":97,"column":70}},"type":"binary-expr","locations":[{"start":{"line":97,"column":6},"end":{"line":97,"column":42}},{"start":{"line":97,"column":42},"end":{"line":97,"column":70}}],"line":97},"12":{"loc":{"start":{"line":109,"column":4},"end":{"line":109,"column":null}},"type":"if","locations":[{"start":{"line":109,"column":4},"end":{"line":109,"column":null}},{"start":{},"end":{}}],"line":109},"13":{"loc":{"start":{"line":110,"column":4},"end":{"line":110,"column":null}},"type":"if","locations":[{"start":{"line":110,"column":4},"end":{"line":110,"column":null}},{"start":{},"end":{}}],"line":110}},"s":{"0":1,"1":1,"2":0,"3":0,"4":0,"5":0,"6":0,"7":0,"8":0,"9":0,"10":0,"11":0,"12":0,"13":0,"14":0,"15":0,"16":0,"17":0,"18":0,"19":0,"20":0,"21":0,"22":0,"23":0,"24":0,"25":0,"26":4,"27":2,"28":2,"29":2,"30":1,"31":1,"32":1,"33":0,"34":1,"35":0,"36":1},"f":{"0":0,"1":0,"2":0,"3":0,"4":4},"b":{"0":[1,1],"1":[0],"2":[0],"3":[0,0],"4":[0,0],"5":[0,0],"6":[0,0],"7":[0,0,0],"8":[0,0],"9":[0,0],"10":[2,2],"11":[4,4],"12":[0,1],"13":[0,1]},"meta":{"lastBranch":14,"lastFunction":5,"lastStatement":37,"seen":{"s:3:13:3:Infinity":0,"b:3:13:3:45:3:45:3:Infinity":0,"s:5:12:9:2":1,"f:15:22:15:35":0,"s:16:2:18:Infinity":2,"s:17:4:17:Infinity":3,"f:26:22:26:31":1,"b:26:61:26:67":1,"b:26:79:26:85":2,"s:27:18:31:Infinity":4,"b:30:16:30:29:30:29:30:Infinity":3,"b:33:2:36:Infinity:undefined:undefined:undefined:undefined":4,"s:33:2:36:Infinity":5,"s:34:4:34:Infinity":6,"s:35:4:35:Infinity":7,"s:36:4:36:Infinity":8,"s:39:19:39:55":9,"s:40:2:40:Infinity":10,"f:52:22:52:37":2,"s:53:18:57:Infinity":11,"b:58:2:61:Infinity:undefined:undefined:undefined:undefined":5,"s:58:2:61:Infinity":12,"s:59:4:59:Infinity":13,"s:60:4:60:Infinity":14,"s:61:4:61:Infinity":15,"s:63:2:75:Infinity":16,"s:64:21:64:57":17,"s:65:4:65:Infinity":18,"s:67:23:67:Infinity":19,"b:71:4:72:Infinity:undefined:undefined:undefined:undefined":6,"s:71:4:72:Infinity":20,"b:71:8:71:30:71:30:71:51:71:51:71:69":7,"s:72:6:72:Infinity":21,"b:72:13:72:35:72:35:72:37":8,"s:75:4:75:Infinity":22,"f:82:22:82:33":3,"s:83:17:83:37":23,"b:83:24:83:32:83:35:83:37":9,"s:84:19:84:60":24,"s:85:2:85:Infinity":25,"f:96:22:96:42":4,"b:97:2:102:Infinity:undefined:undefined:undefined:undefined":10,"s:97:2:102:Infinity":26,"b:97:6:97:42:97:42:97:70":11,"s:98:4:102:Infinity":27,"s:104:2:111:Infinity":28,"s:105:21:105:81":29,"s:106:4:106:Infinity":30,"s:108:19:108:Infinity":31,"b:109:4:109:Infinity:undefined:undefined:undefined:undefined":12,"s:109:4:109:Infinity":32,"s:109:16:109:Infinity":33,"b:110:4:110:Infinity:undefined:undefined:undefined:undefined":13,"s:110:4:110:Infinity":34,"s:110:37:110:Infinity":35,"s:111:4:111:Infinity":36}}}
,"E:\\qr-checklist\\frontend\\src\\lib\\apiError.js": {"path":"E:\\qr-checklist\\frontend\\src\\lib\\apiError.js","statementMap":{"0":{"start":{"line":13,"column":21},"end":{"line":13,"column":null}},"1":{"start":{"line":14,"column":26},"end":{"line":14,"column":null}},"2":{"start":{"line":17,"column":2},"end":{"line":23,"column":null}},"3":{"start":{"line":18,"column":4},"end":{"line":23,"column":null}},"4":{"start":{"line":27,"column":2},"end":{"line":32,"column":null}},"5":{"start":{"line":28,"column":4},"end":{"line":32,"column":null}},"6":{"start":{"line":37,"column":2},"end":{"line":42,"column":null}},"7":{"start":{"line":38,"column":4},"end":{"line":42,"column":null}},"8":{"start":{"line":45,"column":2},"end":{"line":49,"column":null}}},"fnMap":{"0":{"name":"classifyApiError","decl":{"start":{"line":12,"column":16},"end":{"line":12,"column":33}},"loc":{"start":{"line":12,"column":48},"end":{"line":49,"column":null}},"line":12}},"branchMap":{"0":{"loc":{"start":{"line":17,"column":2},"end":{"line":23,"column":null}},"type":"if","locations":[{"start":{"line":17,"column":2},"end":{"line":23,"column":null}},{"start":{},"end":{}}],"line":17},"1":{"loc":{"start":{"line":17,"column":6},"end":{"line":17,"column":64}},"type":"binary-expr","locations":[{"start":{"line":17,"column":6},"end":{"line":17,"column":25}},{"start":{"line":17,"column":25},"end":{"line":17,"column":46}},{"start":{"line":17,"column":46},"end":{"line":17,"column":64}}],"line":17},"2":{"loc":{"start":{"line":21,"column":15},"end":{"line":21,"column":null}},"type":"binary-expr","locations":[{"start":{"line":21,"column":15},"end":{"line":21,"column":45}},{"start":{"line":21,"column":45},"end":{"line":21,"column":60}},{"start":{"line":21,"column":60},"end":{"line":21,"column":null}}],"line":21},"3":{"loc":{"start":{"line":22,"column":12},"end":{"line":22,"column":null}},"type":"binary-expr","locations":[{"start":{"line":22,"column":12},"end":{"line":22,"column":33}},{"start":{"line":22,"column":33},"end":{"line":22,"column":null}}],"line":22},"4":{"loc":{"start":{"line":27,"column":2},"end":{"line":32,"column":null}},"type":"if","locations":[{"start":{"line":27,"column":2},"end":{"line":32,"column":null}},{"start":{},"end":{}}],"line":27},"5":{"loc":{"start":{"line":27,"column":6},"end":{"line":27,"column":44}},"type":"binary-expr","locations":[{"start":{"line":27,"column":6},"end":{"line":27,"column":25}},{"start":{"line":27,"column":25},"end":{"line":27,"column":44}}],"line":27},"6":{"loc":{"start":{"line":37,"column":2},"end":{"line":42,"column":null}},"type":"if","locations":[{"start":{"line":37,"column":2},"end":{"line":42,"column":null}},{"start":{},"end":{}}],"line":37}},"s":{"0":16,"1":16,"2":16,"3":4,"4":12,"5":3,"6":9,"7":5,"8":4},"f":{"0":16},"b":{"0":[4,12],"1":[16,7,7],"2":[4,3,0],"3":[4,0],"4":[3,9],"5":[12,3],"6":[5,4]},"meta":{"lastBranch":7,"lastFunction":1,"lastStatement":9,"seen":{"f:12:16:12:33":0,"s:13:21:13:Infinity":0,"s:14:26:14:Infinity":1,"b:17:2:23:Infinity:undefined:undefined:undefined:undefined":0,"s:17:2:23:Infinity":2,"b:17:6:17:25:17:25:17:46:17:46:17:64":1,"s:18:4:23:Infinity":3,"b:21:15:21:45:21:45:21:60:21:60:21:Infinity":2,"b:22:12:22:33:22:33:22:Infinity":3,"b:27:2:32:Infinity:undefined:undefined:undefined:undefined":4,"s:27:2:32:Infinity":4,"b:27:6:27:25:27:25:27:44":5,"s:28:4:32:Infinity":5,"b:37:2:42:Infinity:undefined:undefined:undefined:undefined":6,"s:37:2:42:Infinity":6,"s:38:4:42:Infinity":7,"s:45:2:49:Infinity":8}}}
,"E:\\qr-checklist\\frontend\\src\\lib\\exportExcel.js": {"path":"E:\\qr-checklist\\frontend\\src\\lib\\exportExcel.js","statementMap":{"0":{"start":{"line":3,"column":14},"end":{"line":3,"column":null}},"1":{"start":{"line":5,"column":18},"end":{"line":9,"column":null}},"2":{"start":{"line":12,"column":2},"end":{"line":12,"column":null}},"3":{"start":{"line":12,"column":18},"end":{"line":12,"column":null}},"4":{"start":{"line":13,"column":12},"end":{"line":13,"column":31}},"5":{"start":{"line":14,"column":15},"end":{"line":14,"column":116}},"6":{"start":{"line":15,"column":15},"end":{"line":15,"column":135}},"7":{"start":{"line":16,"column":2},"end":{"line":16,"column":null}},"8":{"start":{"line":20,"column":2},"end":{"line":26,"column":null}},"9":{"start":{"line":20,"column":31},"end":{"line":26,"column":5}},"10":{"start":{"line":30,"column":2},"end":{"line":34,"column":null}},"11":{"start":{"line":30,"column":29},"end":{"line":34,"column":5}},"12":{"start":{"line":38,"column":2},"end":{"line":46,"column":null}},"13":{"start":{"line":38,"column":28},"end":{"line":46,"column":5}},"14":{"start":{"line":50,"column":13},"end":{"line":50,"column":43}},"15":{"start":{"line":51,"column":13},"end":{"line":51,"column":34}},"16":{"start":{"line":52,"column":2},"end":{"line":52,"column":null}},"17":{"start":{"line":53,"column":2},"end":{"line":53,"column":null}}},"fnMap":{"0":{"name":"toVnDateTime","decl":{"start":{"line":11,"column":9},"end":{"line":11,"column":22}},"loc":{"start":{"line":11,"column":33},"end":{"line":16,"column":null}},"line":11},"1":{"name":"buildStationsRows","decl":{"start":{"line":19,"column":16},"end":{"line":19,"column":34}},"loc":{"start":{"line":19,"column":44},"end":{"line":26,"column":null}},"line":19},"2":{"name":"(anonymous_2)","decl":{"start":{"line":20,"column":18},"end":{"line":20,"column":23}},"loc":{"start":{"line":20,"column":31},"end":{"line":26,"column":5}},"line":20},"3":{"name":"buildAliasesRows","decl":{"start":{"line":29,"column":16},"end":{"line":29,"column":33}},"loc":{"start":{"line":29,"column":42},"end":{"line":34,"column":null}},"line":29},"4":{"name":"(anonymous_4)","decl":{"start":{"line":30,"column":17},"end":{"line":30,"column":22}},"loc":{"start":{"line":30,"column":29},"end":{"line":34,"column":5}},"line":30},"5":{"name":"buildHistoryRows","decl":{"start":{"line":37,"column":16},"end":{"line":37,"column":33}},"loc":{"start":{"line":37,"column":39},"end":{"line":46,"column":null}},"line":37},"6":{"name":"(anonymous_6)","decl":{"start":{"line":38,"column":14},"end":{"line":38,"column":19}},"loc":{"start":{"line":38,"column":28},"end":{"line":46,"column":5}},"line":38},"7":{"name":"exportToExcel","decl":{"start":{"line":49,"column":16},"end":{"line":49,"column":30}},"loc":{"start":{"line":49,"column":68},"end":{"line":53,"column":null}},"line":49}},"branchMap":{"0":{"loc":{"start":{"line":12,"column":2},"end":{"line":12,"column":null}},"type":"if","locations":[{"start":{"line":12,"column":2},"end":{"line":12,"column":null}},{"start":{},"end":{}}],"line":12},"1":{"loc":{"start":{"line":25,"column":19},"end":{"line":25,"column":null}},"type":"cond-expr","locations":[{"start":{"line":25,"column":31},"end":{"line":25,"column":45}},{"start":{"line":25,"column":45},"end":{"line":25,"column":null}}],"line":25},"2":{"loc":{"start":{"line":33,"column":19},"end":{"line":33,"column":null}},"type":"binary-expr","locations":[{"start":{"line":33,"column":19},"end":{"line":33,"column":29}},{"start":{"line":33,"column":29},"end":{"line":33,"column":null}}],"line":33},"3":{"loc":{"start":{"line":42,"column":24},"end":{"line":42,"column":null}},"type":"binary-expr","locations":[{"start":{"line":42,"column":24},"end":{"line":42,"column":41}},{"start":{"line":42,"column":41},"end":{"line":42,"column":null}}],"line":42},"4":{"loc":{"start":{"line":43,"column":24},"end":{"line":43,"column":null}},"type":"binary-expr","locations":[{"start":{"line":43,"column":24},"end":{"line":43,"column":53}},{"start":{"line":43,"column":53},"end":{"line":43,"column":71}},{"start":{"line":43,"column":71},"end":{"line":43,"column":null}}],"line":43},"5":{"loc":{"start":{"line":44,"column":24},"end":{"line":44,"column":null}},"type":"cond-expr","locations":[{"start":{"line":44,"column":51},"end":{"line":44,"column":70}},{"start":{"line":44,"column":70},"end":{"line":44,"column":null}}],"line":44},"6":{"loc":{"start":{"line":45,"column":24},"end":{"line":45,"column":null}},"type":"cond-expr","locations":[{"start":{"line":45,"column":41},"end":{"line":45,"column":52}},{"start":{"line":45,"column":52},"end":{"line":45,"column":null}}],"line":45},"7":{"loc":{"start":{"line":49,"column":46},"end":{"line":49,"column":68}},"type":"default-arg","locations":[{"start":{"line":49,"column":58},"end":{"line":49,"column":68}}],"line":49}},"s":{"0":1,"1":1,"2":21,"3":0,"4":21,"5":21,"6":21,"7":21,"8":5,"9":8,"10":5,"11":8,"12":8,"13":21,"14":0,"15":0,"16":0,"17":0},"f":{"0":21,"1":5,"2":8,"3":5,"4":8,"5":8,"6":21,"7":0},"b":{"0":[0,21],"1":[4,4],"2":[8,4],"3":[21,7],"4":[21,0,0],"5":[14,7],"6":[7,14],"7":[0]},"meta":{"lastBranch":8,"lastFunction":8,"lastStatement":18,"seen":{"s:3:14:3:Infinity":0,"s:5:18:9:Infinity":1,"f:11:9:11:22":0,"b:12:2:12:Infinity:undefined:undefined:undefined:undefined":0,"s:12:2:12:Infinity":2,"s:12:18:12:Infinity":3,"s:13:12:13:31":4,"s:14:15:14:116":5,"s:15:15:15:135":6,"s:16:2:16:Infinity":7,"f:19:16:19:34":1,"s:20:2:26:Infinity":8,"f:20:18:20:23":2,"s:20:31:26:5":9,"b:25:31:25:45:25:45:25:Infinity":1,"f:29:16:29:33":3,"s:30:2:34:Infinity":10,"f:30:17:30:22":4,"s:30:29:34:5":11,"b:33:19:33:29:33:29:33:Infinity":2,"f:37:16:37:33":5,"s:38:2:46:Infinity":12,"f:38:14:38:19":6,"s:38:28:46:5":13,"b:42:24:42:41:42:41:42:Infinity":3,"b:43:24:43:53:43:53:43:71:43:71:43:Infinity":4,"b:44:51:44:70:44:70:44:Infinity":5,"b:45:41:45:52:45:52:45:Infinity":6,"f:49:16:49:30":7,"b:49:58:49:68":7,"s:50:13:50:43":14,"s:51:13:51:34":15,"s:52:2:52:Infinity":16,"s:53:2:53:Infinity":17}}}
,"E:\\qr-checklist\\frontend\\src\\lib\\geolocation.js": {"path":"E:\\qr-checklist\\frontend\\src\\lib\\geolocation.js","statementMap":{"0":{"start":{"line":1,"column":26},"end":{"line":6,"column":null}},"1":{"start":{"line":11,"column":20},"end":{"line":14,"column":null}},"2":{"start":{"line":27,"column":2},"end":{"line":27,"column":null}},"3":{"start":{"line":27,"column":30},"end":{"line":27,"column":null}},"4":{"start":{"line":28,"column":2},"end":{"line":32,"column":null}},"5":{"start":{"line":29,"column":19},"end":{"line":29,"column":77}},"6":{"start":{"line":30,"column":4},"end":{"line":30,"column":null}},"7":{"start":{"line":32,"column":4},"end":{"line":32,"column":null}},"8":{"start":{"line":41,"column":2},"end":{"line":65,"column":null}},"9":{"start":{"line":42,"column":4},"end":{"line":43,"column":null}},"10":{"start":{"line":43,"column":6},"end":{"line":43,"column":null}},"11":{"start":{"line":46,"column":19},"end":{"line":46,"column":null}},"12":{"start":{"line":47,"column":4},"end":{"line":64,"column":null}},"13":{"start":{"line":49,"column":8},"end":{"line":53,"column":10}},"14":{"start":{"line":56,"column":10},"end":{"line":60,"column":null}},"15":{"start":{"line":61,"column":8},"end":{"line":61,"column":null}}},"fnMap":{"0":{"name":"checkGpsPermission","decl":{"start":{"line":26,"column":22},"end":{"line":26,"column":43}},"loc":{"start":{"line":26,"column":43},"end":{"line":32,"column":null}},"line":26},"1":{"name":"getCurrentPosition","decl":{"start":{"line":40,"column":16},"end":{"line":40,"column":35}},"loc":{"start":{"line":40,"column":49},"end":{"line":65,"column":null}},"line":40},"2":{"name":"(anonymous_2)","decl":{"start":{"line":41,"column":13},"end":{"line":41,"column":22}},"loc":{"start":{"line":41,"column":42},"end":{"line":65,"column":null}},"line":41},"3":{"name":"(anonymous_3)","decl":{"start":{"line":47,"column":26},"end":{"line":47,"column":null}},"loc":{"start":{"line":49,"column":8},"end":{"line":53,"column":10}},"line":49},"4":{"name":"(anonymous_4)","decl":{"start":{"line":53,"column":10},"end":{"line":53,"column":null}},"loc":{"start":{"line":54,"column":15},"end":{"line":63,"column":8}},"line":54}},"branchMap":{"0":{"loc":{"start":{"line":27,"column":2},"end":{"line":27,"column":null}},"type":"if","locations":[{"start":{"line":27,"column":2},"end":{"line":27,"column":null}},{"start":{},"end":{}}],"line":27},"1":{"loc":{"start":{"line":40,"column":35},"end":{"line":40,"column":47}},"type":"default-arg","locations":[{"start":{"line":40,"column":45},"end":{"line":40,"column":47}}],"line":40},"2":{"loc":{"start":{"line":42,"column":4},"end":{"line":43,"column":null}},"type":"if","locations":[{"start":{"line":42,"column":4},"end":{"line":43,"column":null}},{"start":{},"end":{}}],"line":42},"3":{"loc":{"start":{"line":46,"column":19},"end":{"line":46,"column":null}},"type":"cond-expr","locations":[{"start":{"line":46,"column":38},"end":{"line":46,"column":59}},{"start":{"line":46,"column":59},"end":{"line":46,"column":null}}],"line":46},"4":{"loc":{"start":{"line":56,"column":10},"end":{"line":60,"column":null}},"type":"binary-expr","locations":[{"start":{"line":56,"column":10},"end":{"line":60,"column":25}},{"start":{"line":60,"column":25},"end":{"line":60,"column":null}}],"line":56}},"s":{"0":1,"1":1,"2":5,"3":1,"4":4,"5":4,"6":3,"7":1,"8":12,"9":12,"10":1,"11":11,"12":12,"13":7,"14":4,"15":4},"f":{"0":5,"1":12,"2":12,"3":7,"4":4},"b":{"0":[1,4],"1":[12],"2":[1,11],"3":[1,10],"4":[4,1]},"meta":{"lastBranch":5,"lastFunction":5,"lastStatement":16,"seen":{"s:1:26:6:Infinity":0,"s:11:20:14:Infinity":1,"f:26:22:26:43":0,"b:27:2:27:Infinity:undefined:undefined:undefined:undefined":0,"s:27:2:27:Infinity":2,"s:27:30:27:Infinity":3,"s:28:2:32:Infinity":4,"s:29:19:29:77":5,"s:30:4:30:Infinity":6,"s:32:4:32:Infinity":7,"f:40:16:40:35":1,"b:40:45:40:47":1,"s:41:2:65:Infinity":8,"f:41:13:41:22":2,"b:42:4:43:Infinity:undefined:undefined:undefined:undefined":2,"s:42:4:43:Infinity":9,"s:43:6:43:Infinity":10,"s:46:19:46:Infinity":11,"b:46:38:46:59:46:59:46:Infinity":3,"s:47:4:64:Infinity":12,"f:47:26:47:Infinity":3,"s:49:8:53:10":13,"f:53:10:53:Infinity":4,"s:56:10:60:Infinity":14,"b:56:10:60:25:60:25:60:Infinity":4,"s:61:8:61:Infinity":15}}}
,"E:\\qr-checklist\\frontend\\src\\lib\\mdmProbes.js": {"path":"E:\\qr-checklist\\frontend\\src\\lib\\mdmProbes.js","statementMap":{"0":{"start":{"line":9,"column":22},"end":{"line":15,"column":null}},"1":{"start":{"line":17,"column":21},"end":{"line":21,"column":null}},"2":{"start":{"line":24,"column":2},"end":{"line":45,"column":null}},"3":{"start":{"line":25,"column":16},"end":{"line":25,"column":61}},"4":{"start":{"line":26,"column":4},"end":{"line":44,"column":null}},"5":{"start":{"line":28,"column":8},"end":{"line":34,"column":10}},"6":{"start":{"line":36,"column":8},"end":{"line":42,"column":10}},"7":{"start":{"line":49,"column":2},"end":{"line":53,"column":null}},"8":{"start":{"line":50,"column":4},"end":{"line":53,"column":null}},"9":{"start":{"line":55,"column":2},"end":{"line":59,"column":null}},"10":{"start":{"line":56,"column":4},"end":{"line":59,"column":null}},"11":{"start":{"line":62,"column":20},"end":{"line":62,"column":null}},"12":{"start":{"line":63,"column":16},"end":{"line":63,"column":18}},"13":{"start":{"line":64,"column":2},"end":{"line":64,"column":null}},"14":{"start":{"line":65,"column":2},"end":{"line":65,"column":null}},"15":{"start":{"line":68,"column":18},"end":{"line":68,"column":null}},"16":{"start":{"line":69,"column":2},"end":{"line":74,"column":null}},"17":{"start":{"line":70,"column":4},"end":{"line":74,"column":null}},"18":{"start":{"line":71,"column":16},"end":{"line":71,"column":74}},"19":{"start":{"line":72,"column":6},"end":{"line":72,"column":null}},"20":{"start":{"line":74,"column":6},"end":{"line":74,"column":null}},"21":{"start":{"line":77,"column":2},"end":{"line":77,"column":null}},"22":{"start":{"line":81,"column":13},"end":{"line":85,"column":4}},"23":{"start":{"line":86,"column":2},"end":{"line":90,"column":null}},"24":{"start":{"line":94,"column":11},"end":{"line":94,"column":null}},"25":{"start":{"line":95,"column":2},"end":{"line":107,"column":null}},"26":{"start":{"line":96,"column":4},"end":{"line":100,"column":null}},"27":{"start":{"line":101,"column":4},"end":{"line":105,"column":null}},"28":{"start":{"line":106,"column":13},"end":{"line":107,"column":null}},"29":{"start":{"line":107,"column":4},"end":{"line":107,"column":null}},"30":{"start":{"line":111,"column":15},"end":{"line":111,"column":null}},"31":{"start":{"line":112,"column":16},"end":{"line":112,"column":null}},"32":{"start":{"line":113,"column":2},"end":{"line":140,"column":null}},"33":{"start":{"line":114,"column":4},"end":{"line":114,"column":null}},"34":{"start":{"line":115,"column":17},"end":{"line":115,"column":null}},"35":{"start":{"line":116,"column":4},"end":{"line":116,"column":null}},"36":{"start":{"line":118,"column":17},"end":{"line":118,"column":null}},"37":{"start":{"line":119,"column":4},"end":{"line":140,"column":null}},"38":{"start":{"line":120,"column":6},"end":{"line":120,"column":null}},"39":{"start":{"line":121,"column":6},"end":{"line":124,"column":null}},"40":{"start":{"line":125,"column":15},"end":{"line":140,"column":null}},"41":{"start":{"line":126,"column":6},"end":{"line":126,"column":null}},"42":{"start":{"line":127,"column":6},"end":{"line":130,"column":null}},"43":{"start":{"line":131,"column":15},"end":{"line":140,"column":null}},"44":{"start":{"line":132,"column":6},"end":{"line":132,"column":null}},"45":{"start":{"line":133,"column":6},"end":{"line":138,"column":null}},"46":{"start":{"line":140,"column":6},"end":{"line":140,"column":null}},"47":{"start":{"line":144,"column":2},"end":{"line":147,"column":null}}},"fnMap":{"0":{"name":"tryGetPosition","decl":{"start":{"line":23,"column":9},"end":{"line":23,"column":24}},"loc":{"start":{"line":23,"column":30},"end":{"line":45,"column":null}},"line":23},"1":{"name":"(anonymous_1)","decl":{"start":{"line":24,"column":13},"end":{"line":24,"column":22}},"loc":{"start":{"line":24,"column":34},"end":{"line":45,"column":null}},"line":24},"2":{"name":"(anonymous_2)","decl":{"start":{"line":26,"column":26},"end":{"line":26,"column":null}},"loc":{"start":{"line":28,"column":8},"end":{"line":34,"column":10}},"line":28},"3":{"name":"(anonymous_3)","decl":{"start":{"line":34,"column":10},"end":{"line":34,"column":null}},"loc":{"start":{"line":36,"column":8},"end":{"line":42,"column":10}},"line":36},"4":{"name":"probeGps","decl":{"start":{"line":48,"column":22},"end":{"line":48,"column":33}},"loc":{"start":{"line":48,"column":33},"end":{"line":147,"column":null}},"line":48}},"branchMap":{"0":{"loc":{"start":{"line":25,"column":16},"end":{"line":25,"column":61}},"type":"binary-expr","locations":[{"start":{"line":25,"column":16},"end":{"line":25,"column":47}},{"start":{"line":25,"column":51},"end":{"line":25,"column":61}}],"line":25},"1":{"loc":{"start":{"line":30,"column":26},"end":{"line":30,"column":71}},"type":"binary-expr","locations":[{"start":{"line":30,"column":26},"end":{"line":30,"column":57}},{"start":{"line":30,"column":61},"end":{"line":30,"column":71}}],"line":30},"2":{"loc":{"start":{"line":38,"column":26},"end":{"line":38,"column":71}},"type":"binary-expr","locations":[{"start":{"line":38,"column":26},"end":{"line":38,"column":57}},{"start":{"line":38,"column":61},"end":{"line":38,"column":71}}],"line":38},"3":{"loc":{"start":{"line":40,"column":16},"end":{"line":40,"column":null}},"type":"binary-expr","locations":[{"start":{"line":40,"column":16},"end":{"line":40,"column":42}},{"start":{"line":40,"column":42},"end":{"line":40,"column":null}}],"line":40},"4":{"loc":{"start":{"line":41,"column":19},"end":{"line":41,"column":null}},"type":"binary-expr","locations":[{"start":{"line":41,"column":19},"end":{"line":41,"column":34}},{"start":{"line":41,"column":34},"end":{"line":41,"column":null}}],"line":41},"5":{"loc":{"start":{"line":49,"column":2},"end":{"line":53,"column":null}},"type":"if","locations":[{"start":{"line":49,"column":2},"end":{"line":53,"column":null}},{"start":{},"end":{}}],"line":49},"6":{"loc":{"start":{"line":55,"column":2},"end":{"line":59,"column":null}},"type":"if","locations":[{"start":{"line":55,"column":2},"end":{"line":59,"column":null}},{"start":{},"end":{}}],"line":55},"7":{"loc":{"start":{"line":55,"column":6},"end":{"line":55,"column":73}},"type":"binary-expr","locations":[{"start":{"line":55,"column":6},"end":{"line":55,"column":39}},{"start":{"line":55,"column":39},"end":{"line":55,"column":73}}],"line":55},"8":{"loc":{"start":{"line":64,"column":33},"end":{"line":64,"column":98}},"type":"cond-expr","locations":[{"start":{"line":64,"column":65},"end":{"line":64,"column":90}},{"start":{"line":64,"column":90},"end":{"line":64,"column":98}}],"line":64},"9":{"loc":{"start":{"line":69,"column":2},"end":{"line":74,"column":null}},"type":"if","locations":[{"start":{"line":69,"column":2},"end":{"line":74,"column":null}},{"start":{},"end":{}}],"line":69},"10":{"loc":{"start":{"line":74,"column":33},"end":{"line":74,"column":null}},"type":"binary-expr","locations":[{"start":{"line":74,"column":33},"end":{"line":74,"column":46}},{"start":{"line":74,"column":46},"end":{"line":74,"column":null}}],"line":74},"11":{"loc":{"start":{"line":83,"column":13},"end":{"line":83,"column":null}},"type":"cond-expr","locations":[{"start":{"line":83,"column":25},"end":{"line":83,"column":33}},{"start":{"line":83,"column":33},"end":{"line":83,"column":null}}],"line":83},"12":{"loc":{"start":{"line":84,"column":16},"end":{"line":84,"column":null}},"type":"cond-expr","locations":[{"start":{"line":84,"column":28},"end":{"line":84,"column":37}},{"start":{"line":84,"column":37},"end":{"line":84,"column":null}}],"line":84},"13":{"loc":{"start":{"line":87,"column":4},"end":{"line":89,"column":null}},"type":"cond-expr","locations":[{"start":{"line":88,"column":8},"end":{"line":88,"column":null}},{"start":{"line":89,"column":8},"end":{"line":89,"column":null}}],"line":87},"14":{"loc":{"start":{"line":89,"column":69},"end":{"line":89,"column":null}},"type":"cond-expr","locations":[{"start":{"line":89,"column":82},"end":{"line":89,"column":103}},{"start":{"line":89,"column":103},"end":{"line":89,"column":null}}],"line":89},"15":{"loc":{"start":{"line":95,"column":2},"end":{"line":107,"column":null}},"type":"if","locations":[{"start":{"line":95,"column":2},"end":{"line":107,"column":null}},{"start":{"line":106,"column":13},"end":{"line":107,"column":null}}],"line":95},"16":{"loc":{"start":{"line":95,"column":6},"end":{"line":95,"column":28}},"type":"binary-expr","locations":[{"start":{"line":95,"column":6},"end":{"line":95,"column":16}},{"start":{"line":95,"column":16},"end":{"line":95,"column":28}}],"line":95},"17":{"loc":{"start":{"line":102,"column":6},"end":{"line":104,"column":null}},"type":"cond-expr","locations":[{"start":{"line":103,"column":10},"end":{"line":103,"column":null}},{"start":{"line":104,"column":10},"end":{"line":104,"column":null}}],"line":102},"18":{"loc":{"start":{"line":104,"column":70},"end":{"line":104,"column":null}},"type":"cond-expr","locations":[{"start":{"line":104,"column":83},"end":{"line":104,"column":104}},{"start":{"line":104,"column":104},"end":{"line":104,"column":null}}],"line":104},"19":{"loc":{"start":{"line":106,"column":13},"end":{"line":107,"column":null}},"type":"if","locations":[{"start":{"line":106,"column":13},"end":{"line":107,"column":null}},{"start":{},"end":{}}],"line":106},"20":{"loc":{"start":{"line":106,"column":13},"end":{"line":106,"column":34}},"type":"binary-expr","locations":[{"start":{"line":106,"column":13},"end":{"line":106,"column":23}},{"start":{"line":106,"column":23},"end":{"line":106,"column":34}}],"line":106},"21":{"loc":{"start":{"line":113,"column":2},"end":{"line":140,"column":null}},"type":"if","locations":[{"start":{"line":113,"column":2},"end":{"line":140,"column":null}},{"start":{"line":117,"column":9},"end":{"line":140,"column":null}}],"line":113},"22":{"loc":{"start":{"line":113,"column":6},"end":{"line":113,"column":30}},"type":"binary-expr","locations":[{"start":{"line":113,"column":6},"end":{"line":113,"column":16}},{"start":{"line":113,"column":16},"end":{"line":113,"column":22}},{"start":{"line":113,"column":22},"end":{"line":113,"column":30}}],"line":113},"23":{"loc":{"start":{"line":115,"column":17},"end":{"line":115,"column":null}},"type":"cond-expr","locations":[{"start":{"line":115,"column":25},"end":{"line":115,"column":30}},{"start":{"line":115,"column":30},"end":{"line":115,"column":null}}],"line":115},"24":{"loc":{"start":{"line":116,"column":67},"end":{"line":116,"column":108}},"type":"cond-expr","locations":[{"start":{"line":116,"column":75},"end":{"line":116,"column":93}},{"start":{"line":116,"column":93},"end":{"line":116,"column":108}}],"line":116},"25":{"loc":{"start":{"line":119,"column":4},"end":{"line":140,"column":null}},"type":"if","locations":[{"start":{"line":119,"column":4},"end":{"line":140,"column":null}},{"start":{"line":125,"column":15},"end":{"line":140,"column":null}}],"line":119},"26":{"loc":{"start":{"line":125,"column":15},"end":{"line":140,"column":null}},"type":"if","locations":[{"start":{"line":125,"column":15},"end":{"line":140,"column":null}},{"start":{"line":131,"column":15},"end":{"line":140,"column":null}}],"line":125},"27":{"loc":{"start":{"line":131,"column":15},"end":{"line":140,"column":null}},"type":"if","locations":[{"start":{"line":131,"column":15},"end":{"line":140,"column":null}},{"start":{"line":139,"column":11},"end":{"line":140,"column":null}}],"line":131},"28":{"loc":{"start":{"line":133,"column":16},"end":{"line":138,"column":null}},"type":"cond-expr","locations":[{"start":{"line":134,"column":10},"end":{"line":136,"column":null}},{"start":{"line":137,"column":10},"end":{"line":138,"column":null}}],"line":133}},"s":{"0":1,"1":1,"2":8,"3":8,"4":8,"5":2,"6":6,"7":8,"8":1,"9":7,"10":1,"11":6,"12":6,"13":6,"14":8,"15":8,"16":8,"17":6,"18":6,"19":6,"20":0,"21":6,"22":6,"23":6,"24":8,"25":8,"26":2,"27":2,"28":4,"29":3,"30":6,"31":6,"32":6,"33":2,"34":2,"35":2,"36":4,"37":4,"38":0,"39":0,"40":4,"41":0,"42":0,"43":4,"44":4,"45":4,"46":0,"47":6},"f":{"0":8,"1":8,"2":2,"3":6,"4":8},"b":{"0":[8,0],"1":[2,0],"2":[6,0],"3":[6,0],"4":[6,0],"5":[1,7],"6":[1,6],"7":[7,7],"8":[6,0],"9":[6,2],"10":[0,0],"11":[4,2],"12":[4,2],"13":[1,5],"14":[5,0],"15":[2,4],"16":[8,5],"17":[1,1],"18":[1,0],"19":[3,1],"20":[4,3],"21":[2,4],"22":[6,5,2],"23":[1,1],"24":[1,1],"25":[0,4],"26":[0,4],"27":[4,0],"28":[3,1]},"meta":{"lastBranch":29,"lastFunction":5,"lastStatement":48,"seen":{"s:9:22:15:Infinity":0,"s:17:21:21:Infinity":1,"f:23:9:23:24":0,"s:24:2:45:Infinity":2,"f:24:13:24:22":1,"s:25:16:25:61":3,"b:25:16:25:47:25:51:25:61":0,"s:26:4:44:Infinity":4,"f:26:26:26:Infinity":2,"s:28:8:34:10":5,"b:30:26:30:57:30:61:30:71":1,"f:34:10:34:Infinity":3,"s:36:8:42:10":6,"b:38:26:38:57:38:61:38:71":2,"b:40:16:40:42:40:42:40:Infinity":3,"b:41:19:41:34:41:34:41:Infinity":4,"f:48:22:48:33":4,"b:49:2:53:Infinity:undefined:undefined:undefined:undefined":5,"s:49:2:53:Infinity":7,"s:50:4:53:Infinity":8,"b:55:2:59:Infinity:undefined:undefined:undefined:undefined":6,"s:55:2:59:Infinity":9,"b:55:6:55:39:55:39:55:73":7,"s:56:4:59:Infinity":10,"s:62:20:62:Infinity":11,"s:63:16:63:18":12,"s:64:2:64:Infinity":13,"b:64:65:64:90:64:90:64:98":8,"s:65:2:65:Infinity":14,"s:68:18:68:Infinity":15,"b:69:2:74:Infinity:undefined:undefined:undefined:undefined":9,"s:69:2:74:Infinity":16,"s:70:4:74:Infinity":17,"s:71:16:71:74":18,"s:72:6:72:Infinity":19,"s:74:6:74:Infinity":20,"b:74:33:74:46:74:46:74:Infinity":10,"s:77:2:77:Infinity":21,"s:81:13:85:4":22,"b:83:25:83:33:83:33:83:Infinity":11,"b:84:28:84:37:84:37:84:Infinity":12,"s:86:2:90:Infinity":23,"b:88:8:88:Infinity:89:8:89:Infinity":13,"b:89:82:89:103:89:103:89:Infinity":14,"s:94:11:94:Infinity":24,"b:95:2:107:Infinity:106:13:107:Infinity":15,"s:95:2:107:Infinity":25,"b:95:6:95:16:95:16:95:28":16,"s:96:4:100:Infinity":26,"s:101:4:105:Infinity":27,"b:103:10:103:Infinity:104:10:104:Infinity":17,"b:104:83:104:104:104:104:104:Infinity":18,"b:106:13:107:Infinity:undefined:undefined:undefined:undefined":19,"s:106:13:107:Infinity":28,"b:106:13:106:23:106:23:106:34":20,"s:107:4:107:Infinity":29,"s:111:15:111:Infinity":30,"s:112:16:112:Infinity":31,"b:113:2:140:Infinity:117:9:140:Infinity":21,"s:113:2:140:Infinity":32,"b:113:6:113:16:113:16:113:22:113:22:113:30":22,"s:114:4:114:Infinity":33,"s:115:17:115:Infinity":34,"b:115:25:115:30:115:30:115:Infinity":23,"s:116:4:116:Infinity":35,"b:116:75:116:93:116:93:116:108":24,"s:118:17:118:Infinity":36,"b:119:4:140:Infinity:125:15:140:Infinity":25,"s:119:4:140:Infinity":37,"s:120:6:120:Infinity":38,"s:121:6:124:Infinity":39,"b:125:15:140:Infinity:131:15:140:Infinity":26,"s:125:15:140:Infinity":40,"s:126:6:126:Infinity":41,"s:127:6:130:Infinity":42,"b:131:15:140:Infinity:139:11:140:Infinity":27,"s:131:15:140:Infinity":43,"s:132:6:132:Infinity":44,"s:133:6:138:Infinity":45,"b:134:10:136:Infinity:137:10:138:Infinity":28,"s:140:6:140:Infinity":46,"s:144:2:147:Infinity":47}}}
,"E:\\qr-checklist\\frontend\\src\\lib\\offlineQueue.js": {"path":"E:\\qr-checklist\\frontend\\src\\lib\\offlineQueue.js","statementMap":{"0":{"start":{"line":6,"column":18},"end":{"line":6,"column":null}},"1":{"start":{"line":10,"column":2},"end":{"line":13,"column":null}},"2":{"start":{"line":11,"column":4},"end":{"line":11,"column":null}},"3":{"start":{"line":13,"column":4},"end":{"line":13,"column":null}},"4":{"start":{"line":19,"column":16},"end":{"line":19,"column":26}},"5":{"start":{"line":20,"column":2},"end":{"line":20,"column":null}},"6":{"start":{"line":21,"column":2},"end":{"line":21,"column":null}},"7":{"start":{"line":26,"column":2},"end":{"line":26,"column":null}},"8":{"start":{"line":31,"column":16},"end":{"line":31,"column":26}},"9":{"start":{"line":32,"column":2},"end":{"line":32,"column":null}},"10":{"start":{"line":33,"column":2},"end":{"line":33,"column":null}},"11":{"start":{"line":42,"column":16},"end":{"line":42,"column":26}},"12":{"start":{"line":43,"column":2},"end":{"line":43,"column":null}},"13":{"start":{"line":43,"column":26},"end":{"line":43,"column":null}},"14":{"start":{"line":45,"column":16},"end":{"line":45,"column":null}},"15":{"start":{"line":46,"column":15},"end":{"line":46,"column":null}},"16":{"start":{"line":49,"column":2},"end":{"line":56,"column":null}},"17":{"start":{"line":49,"column":15},"end":{"line":49,"column":33}},"18":{"start":{"line":50,"column":17},"end":{"line":50,"column":null}},"19":{"start":{"line":51,"column":4},"end":{"line":56,"column":null}},"20":{"start":{"line":52,"column":6},"end":{"line":52,"column":null}},"21":{"start":{"line":53,"column":6},"end":{"line":53,"column":null}},"22":{"start":{"line":54,"column":6},"end":{"line":54,"column":null}},"23":{"start":{"line":56,"column":6},"end":{"line":56,"column":null}},"24":{"start":{"line":60,"column":2},"end":{"line":60,"column":null}},"25":{"start":{"line":65,"column":2},"end":{"line":65,"column":null}}},"fnMap":{"0":{"name":"getQueue","decl":{"start":{"line":9,"column":16},"end":{"line":9,"column":27}},"loc":{"start":{"line":9,"column":27},"end":{"line":13,"column":null}},"line":9},"1":{"name":"enqueue","decl":{"start":{"line":18,"column":16},"end":{"line":18,"column":24}},"loc":{"start":{"line":18,"column":30},"end":{"line":21,"column":null}},"line":18},"2":{"name":"clearQueue","decl":{"start":{"line":25,"column":16},"end":{"line":25,"column":29}},"loc":{"start":{"line":25,"column":29},"end":{"line":26,"column":null}},"line":25},"3":{"name":"removeItem","decl":{"start":{"line":30,"column":9},"end":{"line":30,"column":20}},"loc":{"start":{"line":30,"column":27},"end":{"line":33,"column":null}},"line":30},"4":{"name":"flushQueue","decl":{"start":{"line":41,"column":22},"end":{"line":41,"column":33}},"loc":{"start":{"line":41,"column":41},"end":{"line":60,"column":null}},"line":41},"5":{"name":"queueSize","decl":{"start":{"line":64,"column":16},"end":{"line":64,"column":28}},"loc":{"start":{"line":64,"column":28},"end":{"line":65,"column":null}},"line":64}},"branchMap":{"0":{"loc":{"start":{"line":11,"column":22},"end":{"line":11,"column":62}},"type":"binary-expr","locations":[{"start":{"line":11,"column":22},"end":{"line":11,"column":53}},{"start":{"line":11,"column":57},"end":{"line":11,"column":62}}],"line":11},"1":{"loc":{"start":{"line":43,"column":2},"end":{"line":43,"column":null}},"type":"if","locations":[{"start":{"line":43,"column":2},"end":{"line":43,"column":null}},{"start":{},"end":{}}],"line":43}},"s":{"0":0,"1":0,"2":0,"3":0,"4":0,"5":0,"6":0,"7":0,"8":0,"9":0,"10":0,"11":0,"12":0,"13":0,"14":0,"15":0,"16":0,"17":0,"18":0,"19":0,"20":0,"21":0,"22":0,"23":0,"24":0,"25":0},"f":{"0":0,"1":0,"2":0,"3":0,"4":0,"5":0},"b":{"0":[0,0],"1":[0,0]},"meta":{"lastBranch":2,"lastFunction":6,"lastStatement":26,"seen":{"s:6:18:6:Infinity":0,"f:9:16:9:27":0,"s:10:2:13:Infinity":1,"s:11:4:11:Infinity":2,"b:11:22:11:53:11:57:11:62":0,"s:13:4:13:Infinity":3,"f:18:16:18:24":1,"s:19:16:19:26":4,"s:20:2:20:Infinity":5,"s:21:2:21:Infinity":6,"f:25:16:25:29":2,"s:26:2:26:Infinity":7,"f:30:9:30:20":3,"s:31:16:31:26":8,"s:32:2:32:Infinity":9,"s:33:2:33:Infinity":10,"f:41:22:41:33":4,"s:42:16:42:26":11,"b:43:2:43:Infinity:undefined:undefined:undefined:undefined":1,"s:43:2:43:Infinity":12,"s:43:26:43:Infinity":13,"s:45:16:45:Infinity":14,"s:46:15:46:Infinity":15,"s:49:2:56:Infinity":16,"s:49:15:49:33":17,"s:50:17:50:Infinity":18,"s:51:4:56:Infinity":19,"s:52:6:52:Infinity":20,"s:53:6:53:Infinity":21,"s:54:6:54:Infinity":22,"s:56:6:56:Infinity":23,"s:60:2:60:Infinity":24,"f:64:16:64:28":5,"s:65:2:65:Infinity":25}}}
,"E:\\qr-checklist\\frontend\\src\\lib\\torch.js": {"path":"E:\\qr-checklist\\frontend\\src\\lib\\torch.js","statementMap":{"0":{"start":{"line":15,"column":2},"end":{"line":15,"column":null}},"1":{"start":{"line":15,"column":61},"end":{"line":15,"column":null}},"2":{"start":{"line":16,"column":2},"end":{"line":20,"column":null}},"3":{"start":{"line":17,"column":17},"end":{"line":17,"column":40}},"4":{"start":{"line":18,"column":4},"end":{"line":18,"column":null}},"5":{"start":{"line":20,"column":4},"end":{"line":20,"column":null}},"6":{"start":{"line":25,"column":2},"end":{"line":25,"column":null}},"7":{"start":{"line":25,"column":31},"end":{"line":25,"column":null}},"8":{"start":{"line":26,"column":2},"end":{"line":30,"column":null}},"9":{"start":{"line":27,"column":4},"end":{"line":27,"column":null}},"10":{"start":{"line":28,"column":4},"end":{"line":28,"column":null}},"11":{"start":{"line":30,"column":4},"end":{"line":30,"column":null}}},"fnMap":{"0":{"name":"hasTorchSupport","decl":{"start":{"line":14,"column":16},"end":{"line":14,"column":32}},"loc":{"start":{"line":14,"column":39},"end":{"line":20,"column":null}},"line":14},"1":{"name":"setTorch","decl":{"start":{"line":24,"column":22},"end":{"line":24,"column":31}},"loc":{"start":{"line":24,"column":42},"end":{"line":30,"column":null}},"line":24}},"branchMap":{"0":{"loc":{"start":{"line":15,"column":2},"end":{"line":15,"column":null}},"type":"if","locations":[{"start":{"line":15,"column":2},"end":{"line":15,"column":null}},{"start":{},"end":{}}],"line":15},"1":{"loc":{"start":{"line":15,"column":6},"end":{"line":15,"column":61}},"type":"binary-expr","locations":[{"start":{"line":15,"column":6},"end":{"line":15,"column":16}},{"start":{"line":15,"column":16},"end":{"line":15,"column":61}}],"line":15},"2":{"loc":{"start":{"line":25,"column":2},"end":{"line":25,"column":null}},"type":"if","locations":[{"start":{"line":25,"column":2},"end":{"line":25,"column":null}},{"start":{},"end":{}}],"line":25}},"s":{"0":14,"1":4,"2":10,"3":10,"4":10,"5":1,"6":7,"7":2,"8":5,"9":5,"10":3,"11":2},"f":{"0":14,"1":7},"b":{"0":[4,10],"1":[14,11],"2":[2,5]},"meta":{"lastBranch":3,"lastFunction":2,"lastStatement":12,"seen":{"f:14:16:14:32":0,"b:15:2:15:Infinity:undefined:undefined:undefined:undefined":0,"s:15:2:15:Infinity":0,"b:15:6:15:16:15:16:15:61":1,"s:15:61:15:Infinity":1,"s:16:2:20:Infinity":2,"s:17:17:17:40":3,"s:18:4:18:Infinity":4,"s:20:4:20:Infinity":5,"f:24:22:24:31":1,"b:25:2:25:Infinity:undefined:undefined:undefined:undefined":2,"s:25:2:25:Infinity":6,"s:25:31:25:Infinity":7,"s:26:2:30:Infinity":8,"s:27:4:27:Infinity":9,"s:28:4:28:Infinity":10,"s:30:4:30:Infinity":11}}}
,"E:\\qr-checklist\\frontend\\src\\lib\\utils.js": {"path":"E:\\qr-checklist\\frontend\\src\\lib\\utils.js","statementMap":{"0":{"start":{"line":6,"column":17},"end":{"line":6,"column":50}},"1":{"start":{"line":7,"column":2},"end":{"line":11,"column":null}},"2":{"start":{"line":8,"column":15},"end":{"line":8,"column":null}},"3":{"start":{"line":9,"column":15},"end":{"line":9,"column":38}},"4":{"start":{"line":10,"column":4},"end":{"line":10,"column":null}},"5":{"start":{"line":11,"column":4},"end":{"line":11,"column":null}},"6":{"start":{"line":13,"column":2},"end":{"line":13,"column":null}},"7":{"start":{"line":20,"column":2},"end":{"line":20,"column":null}},"8":{"start":{"line":20,"column":18},"end":{"line":20,"column":null}},"9":{"start":{"line":21,"column":2},"end":{"line":29,"column":null}},"10":{"start":{"line":34,"column":2},"end":{"line":34,"column":null}}},"fnMap":{"0":{"name":"getDeviceId","decl":{"start":{"line":5,"column":16},"end":{"line":5,"column":30}},"loc":{"start":{"line":5,"column":30},"end":{"line":13,"column":null}},"line":5},"1":{"name":"formatDateTime","decl":{"start":{"line":19,"column":16},"end":{"line":19,"column":31}},"loc":{"start":{"line":19,"column":42},"end":{"line":29,"column":null}},"line":19},"2":{"name":"cn","decl":{"start":{"line":33,"column":16},"end":{"line":33,"column":19}},"loc":{"start":{"line":33,"column":31},"end":{"line":34,"column":null}},"line":33}},"branchMap":{"0":{"loc":{"start":{"line":7,"column":2},"end":{"line":11,"column":null}},"type":"if","locations":[{"start":{"line":7,"column":2},"end":{"line":11,"column":null}},{"start":{},"end":{}}],"line":7},"1":{"loc":{"start":{"line":20,"column":2},"end":{"line":20,"column":null}},"type":"if","locations":[{"start":{"line":20,"column":2},"end":{"line":20,"column":null}},{"start":{},"end":{}}],"line":20}},"s":{"0":6,"1":6,"2":3,"3":3,"4":3,"5":3,"6":6,"7":4,"8":2,"9":2,"10":4},"f":{"0":6,"1":4,"2":4},"b":{"0":[3,3],"1":[2,2]},"meta":{"lastBranch":2,"lastFunction":3,"lastStatement":11,"seen":{"f:5:16:5:30":0,"s:6:17:6:50":0,"b:7:2:11:Infinity:undefined:undefined:undefined:undefined":0,"s:7:2:11:Infinity":1,"s:8:15:8:Infinity":2,"s:9:15:9:38":3,"s:10:4:10:Infinity":4,"s:11:4:11:Infinity":5,"s:13:2:13:Infinity":6,"f:19:16:19:31":1,"b:20:2:20:Infinity:undefined:undefined:undefined:undefined":1,"s:20:2:20:Infinity":7,"s:20:18:20:Infinity":8,"s:21:2:29:Infinity":9,"f:33:16:33:19":2,"s:34:2:34:Infinity":10}}}
}
