{"E:\\qr-checklist\\frontend\\src\\App.jsx": {"path":"E:\\qr-checklist\\frontend\\src\\App.jsx","statementMap":{"0":{"start":{"line":12,"column":15},"end":{"line":16,"column":null}},"1":{"start":{"line":13,"column":18},"end":{"line":13,"column":47}},"2":{"start":{"line":14,"column":4},"end":{"line":14,"column":null}},"3":{"start":{"line":14,"column":15},"end":{"line":14,"column":null}},"4":{"start":{"line":15,"column":4},"end":{"line":15,"column":null}},"5":{"start":{"line":18,"column":2},"end":{"line":21,"column":null}},"6":{"start":{"line":19,"column":4},"end":{"line":19,"column":null}},"7":{"start":{"line":20,"column":4},"end":{"line":20,"column":null}},"8":{"start":{"line":23,"column":2},"end":{"line":23,"column":null}},"9":{"start":{"line":30,"column":2},"end":{"line":41,"column":null}},"10":{"start":{"line":47,"column":2},"end":{"line":51,"column":null}},"11":{"start":{"line":59,"column":17},"end":{"line":59,"column":44}},"12":{"start":{"line":61,"column":2},"end":{"line":68,"column":null}},"13":{"start":{"line":62,"column":10},"end":{"line":64,"column":null}},"14":{"start":{"line":63,"column":6},"end":{"line":63,"column":null}},"15":{"start":{"line":64,"column":6},"end":{"line":64,"column":null}},"16":{"start":{"line":66,"column":4},"end":{"line":66,"column":null}},"17":{"start":{"line":67,"column":4},"end":{"line":67,"column":null}},"18":{"start":{"line":67,"column":17},"end":{"line":67,"column":75}},"19":{"start":{"line":70,"column":18},"end":{"line":74,"column":null}},"20":{"start":{"line":71,"column":4},"end":{"line":71,"column":null}},"21":{"start":{"line":71,"column":17},"end":{"line":71,"column":null}},"22":{"start":{"line":72,"column":4},"end":{"line":72,"column":null}},"23":{"start":{"line":73,"column":4},"end":{"line":73,"column":null}},"24":{"start":{"line":74,"column":4},"end":{"line":74,"column":null}},"25":{"start":{"line":77,"column":2},"end":{"line":77,"column":null}},"26":{"start":{"line":85,"column":2},"end":{"line":108,"column":null}},"27":{"start":{"line":118,"column":2},"end":{"line":160,"column":null}},"28":{"start":{"line":130,"column":41},"end":{"line":135,"column":23}},"29":{"start":{"line":141,"column":41},"end":{"line":146,"column":23}},"30":{"start":{"line":168,"column":10},"end":{"line":168,"column":30}},"31":{"start":{"line":169,"column":2},"end":{"line":169,"column":null}},"32":{"start":{"line":176,"column":26},"end":{"line":176,"column":39}},"33":{"start":{"line":177,"column":34},"end":{"line":177,"column":52}},"34":{"start":{"line":178,"column":26},"end":{"line":179,"column":null}},"35":{"start":{"line":179,"column":10},"end":{"line":179,"column":null}},"36":{"start":{"line":182,"column":24},"end":{"line":184,"column":null}},"37":{"start":{"line":183,"column":4},"end":{"line":183,"column":null}},"38":{"start":{"line":184,"column":4},"end":{"line":184,"column":null}},"39":{"start":{"line":187,"column":8},"end":{"line":189,"column":null}},"40":{"start":{"line":188,"column":4},"end":{"line":188,"column":null}},"41":{"start":{"line":189,"column":4},"end":{"line":189,"column":null}},"42":{"start":{"line":192,"column":21},"end":{"line":192,"column":null}},"43":{"start":{"line":194,"column":2},"end":{"line":220,"column":null}},"44":{"start":{"line":205,"column":54},"end":{"line":205,"column":76}},"45":{"start":{"line":205,"column":69},"end":{"line":205,"column":76}}},"fnMap":{"0":{"name":"useDarkMode","decl":{"start":{"line":11,"column":9},"end":{"line":11,"column":23}},"loc":{"start":{"line":11,"column":23},"end":{"line":23,"column":null}},"line":11},"1":{"name":"(anonymous_1)","decl":{"start":{"line":12,"column":26},"end":{"line":12,"column":41}},"loc":{"start":{"line":12,"column":41},"end":{"line":16,"column":null}},"line":12},"2":{"name":"(anonymous_2)","decl":{"start":{"line":18,"column":2},"end":{"line":18,"column":18}},"loc":{"start":{"line":18,"column":18},"end":{"line":21,"column":6}},"line":18},"3":{"name":"SunIcon","decl":{"start":{"line":29,"column":9},"end":{"line":29,"column":17}},"loc":{"start":{"line":29,"column":44},"end":{"line":41,"column":null}},"line":29},"4":{"name":"MoonIcon","decl":{"start":{"line":46,"column":9},"end":{"line":46,"column":18}},"loc":{"start":{"line":46,"column":45},"end":{"line":51,"column":null}},"line":46},"5":{"name":"useInstallPrompt","decl":{"start":{"line":58,"column":9},"end":{"line":58,"column":28}},"loc":{"start":{"line":58,"column":28},"end":{"line":77,"column":null}},"line":58},"6":{"name":"(anonymous_6)","decl":{"start":{"line":61,"column":2},"end":{"line":61,"column":18}},"loc":{"start":{"line":61,"column":18},"end":{"line":68,"column":7}},"line":61},"7":{"name":"(anonymous_7)","decl":{"start":{"line":62,"column":10},"end":{"line":62,"column":21}},"loc":{"start":{"line":62,"column":27},"end":{"line":64,"column":null}},"line":62},"8":{"name":"(anonymous_8)","decl":{"start":{"line":67,"column":4},"end":{"line":67,"column":17}},"loc":{"start":{"line":67,"column":17},"end":{"line":67,"column":75}},"line":67},"9":{"name":"(anonymous_9)","decl":{"start":{"line":70,"column":18},"end":{"line":70,"column":30}},"loc":{"start":{"line":70,"column":30},"end":{"line":74,"column":null}},"line":70},"10":{"name":"InstallBanner","decl":{"start":{"line":84,"column":9},"end":{"line":84,"column":23}},"loc":{"start":{"line":84,"column":49},"end":{"line":108,"column":null}},"line":84},"11":{"name":"NavBar","decl":{"start":{"line":117,"column":9},"end":{"line":117,"column":16}},"loc":{"start":{"line":117,"column":40},"end":{"line":160,"column":null}},"line":117},"12":{"name":"(anonymous_12)","decl":{"start":{"line":130,"column":12},"end":{"line":130,"column":24}},"loc":{"start":{"line":130,"column":41},"end":{"line":135,"column":23}},"line":130},"13":{"name":"(anonymous_13)","decl":{"start":{"line":141,"column":12},"end":{"line":141,"column":24}},"loc":{"start":{"line":141,"column":41},"end":{"line":146,"column":23}},"line":141},"14":{"name":"StationDisplayRoute","decl":{"start":{"line":167,"column":9},"end":{"line":167,"column":31}},"loc":{"start":{"line":167,"column":31},"end":{"line":169,"column":null}},"line":167},"15":{"name":"App","decl":{"start":{"line":175,"column":24},"end":{"line":175,"column":30}},"loc":{"start":{"line":175,"column":30},"end":{"line":220,"column":null}},"line":175},"16":{"name":"(anonymous_16)","decl":{"start":{"line":178,"column":48},"end":{"line":178,"column":null}},"loc":{"start":{"line":179,"column":10},"end":{"line":179,"column":null}},"line":179},"17":{"name":"(anonymous_17)","decl":{"start":{"line":182,"column":24},"end":{"line":182,"column":36}},"loc":{"start":{"line":182,"column":36},"end":{"line":184,"column":null}},"line":182},"18":{"name":"(anonymous_18)","decl":{"start":{"line":187,"column":8},"end":{"line":187,"column":30}},"loc":{"start":{"line":187,"column":30},"end":{"line":189,"column":null}},"line":187},"19":{"name":"(anonymous_19)","decl":{"start":{"line":205,"column":34},"end":{"line":205,"column":54}},"loc":{"start":{"line":205,"column":54},"end":{"line":205,"column":76}},"line":205},"20":{"name":"(anonymous_20)","decl":{"start":{"line":205,"column":54},"end":{"line":205,"column":63}},"loc":{"start":{"line":205,"column":69},"end":{"line":205,"column":76}},"line":205}},"branchMap":{"0":{"loc":{"start":{"line":14,"column":4},"end":{"line":14,"column":null}},"type":"if","locations":[{"start":{"line":14,"column":4},"end":{"line":14,"column":null}},{"start":{},"end":{}}],"line":14},"1":{"loc":{"start":{"line":20,"column":34},"end":{"line":20,"column":58}},"type":"cond-expr","locations":[{"start":{"line":20,"column":41},"end":{"line":20,"column":50}},{"start":{"line":20,"column":50},"end":{"line":20,"column":58}}],"line":20},"2":{"loc":{"start":{"line":29,"column":19},"end":{"line":29,"column":44}},"type":"default-arg","locations":[{"start":{"line":29,"column":31},"end":{"line":29,"column":44}}],"line":29},"3":{"loc":{"start":{"line":46,"column":20},"end":{"line":46,"column":45}},"type":"default-arg","locations":[{"start":{"line":46,"column":32},"end":{"line":46,"column":45}}],"line":46},"4":{"loc":{"start":{"line":71,"column":4},"end":{"line":71,"column":null}},"type":"if","locations":[{"start":{"line":71,"column":4},"end":{"line":71,"column":null}},{"start":{},"end":{}}],"line":71},"5":{"loc":{"start":{"line":132,"column":14},"end":{"line":134,"column":null}},"type":"cond-expr","locations":[{"start":{"line":133,"column":18},"end":{"line":133,"column":null}},{"start":{"line":134,"column":18},"end":{"line":134,"column":null}}],"line":132},"6":{"loc":{"start":{"line":143,"column":14},"end":{"line":145,"column":null}},"type":"cond-expr","locations":[{"start":{"line":144,"column":18},"end":{"line":144,"column":null}},{"start":{"line":145,"column":18},"end":{"line":145,"column":null}}],"line":143},"7":{"loc":{"start":{"line":153,"column":24},"end":{"line":153,"column":null}},"type":"cond-expr","locations":[{"start":{"line":153,"column":31},"end":{"line":153,"column":59}},{"start":{"line":153,"column":59},"end":{"line":153,"column":null}}],"line":153},"8":{"loc":{"start":{"line":156,"column":13},"end":{"line":156,"column":null}},"type":"cond-expr","locations":[{"start":{"line":156,"column":20},"end":{"line":156,"column":54}},{"start":{"line":156,"column":53},"end":{"line":156,"column":null}}],"line":156},"9":{"loc":{"start":{"line":192,"column":21},"end":{"line":192,"column":null}},"type":"binary-expr","locations":[{"start":{"line":192,"column":21},"end":{"line":192,"column":35}},{"start":{"line":192,"column":35},"end":{"line":192,"column":null}}],"line":192},"10":{"loc":{"start":{"line":206,"column":15},"end":{"line":207,"column":null}},"type":"binary-expr","locations":[{"start":{"line":206,"column":15},"end":{"line":206,"column":null}},{"start":{"line":207,"column":16},"end":{"line":207,"column":null}}],"line":206}},"s":{"0":19,"1":12,"2":12,"3":4,"4":8,"5":19,"6":16,"7":16,"8":19,"9":4,"10":15,"11":19,"12":19,"13":12,"14":2,"15":2,"16":12,"17":12,"18":12,"19":19,"20":0,"21":0,"22":0,"23":0,"24":0,"25":19,"26":1,"27":19,"28":19,"29":19,"30":0,"31":0,"32":19,"33":19,"34":19,"35":12,"36":19,"37":0,"38":0,"39":19,"40":1,"41":1,"42":19,"43":19,"44":4,"45":4},"f":{"0":19,"1":12,"2":16,"3":4,"4":15,"5":19,"6":12,"7":2,"8":12,"9":0,"10":1,"11":19,"12":19,"13":19,"14":0,"15":19,"16":12,"17":0,"18":1,"19":4,"20":4},"b":{"0":[4,8],"1":[4,12],"2":[4],"3":[15],"4":[0,0],"5":[19,0],"6":[0,19],"7":[4,15],"8":[4,15],"9":[19,3],"10":[19,1]},"meta":{"lastBranch":11,"lastFunction":21,"lastStatement":46,"seen":{"f:11:9:11:23":0,"s:12:15:16:Infinity":0,"f:12:26:12:41":1,"s:13:18:13:47":1,"b:14:4:14:Infinity:undefined:undefined:undefined:undefined":0,"s:14:4:14:Infinity":2,"s:14:15:14:Infinity":3,"s:15:4:15:Infinity":4,"s:18:2:21:Infinity":5,"f:18:2:18:18":2,"s:19:4:19:Infinity":6,"s:20:4:20:Infinity":7,"b:20:41:20:50:20:50:20:58":1,"s:23:2:23:Infinity":8,"f:29:9:29:17":3,"b:29:31:29:44":2,"s:30:2:41:Infinity":9,"f:46:9:46:18":4,"b:46:32:46:45":3,"s:47:2:51:Infinity":10,"f:58:9:58:28":5,"s:59:17:59:44":11,"s:61:2:68:Infinity":12,"f:61:2:61:18":6,"s:62:10:64:Infinity":13,"f:62:10:62:21":7,"s:63:6:63:Infinity":14,"s:64:6:64:Infinity":15,"s:66:4:66:Infinity":16,"s:67:4:67:Infinity":17,"f:67:4:67:17":8,"s:67:17:67:75":18,"s:70:18:74:Infinity":19,"f:70:18:70:30":9,"b:71:4:71:Infinity:undefined:undefined:undefined:undefined":4,"s:71:4:71:Infinity":20,"s:71:17:71:Infinity":21,"s:72:4:72:Infinity":22,"s:73:4:73:Infinity":23,"s:74:4:74:Infinity":24,"s:77:2:77:Infinity":25,"f:84:9:84:23":10,"s:85:2:108:Infinity":26,"f:117:9:117:16":11,"s:118:2:160:Infinity":27,"f:130:12:130:24":12,"s:130:41:135:23":28,"b:133:18:133:Infinity:134:18:134:Infinity":5,"f:141:12:141:24":13,"s:141:41:146:23":29,"b:144:18:144:Infinity:145:18:145:Infinity":6,"b:153:31:153:59:153:59:153:Infinity":7,"b:156:20:156:54:156:53:156:Infinity":8,"f:167:9:167:31":14,"s:168:10:168:30":30,"s:169:2:169:Infinity":31,"f:175:24:175:30":15,"s:176:26:176:39":32,"s:177:34:177:52":33,"s:178:26:179:Infinity":34,"f:178:48:178:Infinity":16,"s:179:10:179:Infinity":35,"s:182:24:184:Infinity":36,"f:182:24:182:36":17,"s:183:4:183:Infinity":37,"s:184:4:184:Infinity":38,"s:187:8:189:Infinity":39,"f:187:8:187:30":18,"s:188:4:188:Infinity":40,"s:189:4:189:Infinity":41,"s:192:21:192:Infinity":42,"b:192:21:192:35:192:35:192:Infinity":9,"s:194:2:220:Infinity":43,"f:205:34:205:54":19,"s:205:54:205:76":44,"f:205:54:205:63":20,"s:205:69:205:76":45,"b:206:15:206:Infinity:207:16:207:Infinity":10}}}
,"E:\\qr-checklist\\frontend\\src\\lib\\api.js": {"path":"E:\\qr-checklist\\frontend\\src\\lib\\api.js","statementMap":{"0":{"start":{"line":3,"column":13},"end":{"line":3,"column":null}},"1":{"start":{"line":5,"column":12},"end":{"line":9,"column":2}},"2":{"start":{"line":16,"column":2},"end":{"line":18,"column":null}},"3":{"start":{"line":17,"column":4},"end":{"line":17,"column":null}},"4":{"start":{"line":27,"column":18},"end":{"line":31,"column":null}},"5":{"start":{"line":33,"column":2},"end":{"line":36,"column":null}},"6":{"start":{"line":34,"column":4},"end":{"line":34,"column":null}},"7":{"start":{"line":35,"column":4},"end":{"line":35,"column":null}},"8":{"start":{"line":36,"column":4},"end":{"line":36,"column":null}},"9":{"start":{"line":39,"column":19},"end":{"line":39,"column":55}},"10":{"start":{"line":40,"column":2},"end":{"line":40,"column":null}},"11":{"start":{"line":53,"column":18},"end":{"line":57,"column":null}},"12":{"start":{"line":58,"column":2},"end":{"line":61,"column":null}},"13":{"start":{"line":59,"column":4},"end":{"line":59,"column":null}},"14":{"start":{"line":60,"column":4},"end":{"line":60,"column":null}},"15":{"start":{"line":61,"column":4},"end":{"line":61,"column":null}},"16":{"start":{"line":63,"column":2},"end":{"line":75,"column":null}},"17":{"start":{"line":64,"column":21},"end":{"line":64,"column":57}},"18":{"start":{"line":65,"column":4},"end":{"line":65,"column":null}},"19":{"start":{"line":67,"column":23},"end":{"line":67,"column":null}},"20":{"start":{"line":71,"column":4},"end":{"line":72,"column":null}},"21":{"start":{"line":72,"column":6},"end":{"line":72,"column":null}},"22":{"start":{"line":75,"column":4},"end":{"line":75,"column":null}},"23":{"start":{"line":83,"column":17},"end":{"line":83,"column":37}},"24":{"start":{"line":84,"column":19},"end":{"line":84,"column":60}},"25":{"start":{"line":85,"column":2},"end":{"line":85,"column":null}},"26":{"start":{"line":93,"column":2},"end":{"line":100,"column":null}},"27":{"start":{"line":94,"column":21},"end":{"line":94,"column":81}},"28":{"start":{"line":95,"column":4},"end":{"line":95,"column":null}},"29":{"start":{"line":97,"column":19},"end":{"line":97,"column":null}},"30":{"start":{"line":98,"column":4},"end":{"line":98,"column":null}},"31":{"start":{"line":98,"column":16},"end":{"line":98,"column":null}},"32":{"start":{"line":99,"column":4},"end":{"line":99,"column":null}},"33":{"start":{"line":99,"column":37},"end":{"line":99,"column":null}},"34":{"start":{"line":100,"column":4},"end":{"line":100,"column":null}}},"fnMap":{"0":{"name":"pingServer","decl":{"start":{"line":15,"column":22},"end":{"line":15,"column":35}},"loc":{"start":{"line":15,"column":35},"end":{"line":18,"column":null}},"line":15},"1":{"name":"postScan","decl":{"start":{"line":26,"column":22},"end":{"line":26,"column":31}},"loc":{"start":{"line":26,"column":85},"end":{"line":40,"column":null}},"line":26},"2":{"name":"postQueuedScan","decl":{"start":{"line":52,"column":22},"end":{"line":52,"column":37}},"loc":{"start":{"line":52,"column":43},"end":{"line":75,"column":null}},"line":52},"3":{"name":"getReports","decl":{"start":{"line":82,"column":22},"end":{"line":82,"column":33}},"loc":{"start":{"line":82,"column":39},"end":{"line":85,"column":null}},"line":82},"4":{"name":"checkConnectivity","decl":{"start":{"line":92,"column":22},"end":{"line":92,"column":42}},"loc":{"start":{"line":92,"column":42},"end":{"line":100,"column":null}},"line":92}},"branchMap":{"0":{"loc":{"start":{"line":3,"column":13},"end":{"line":3,"column":null}},"type":"binary-expr","locations":[{"start":{"line":3,"column":13},"end":{"line":3,"column":45}},{"start":{"line":3,"column":45},"end":{"line":3,"column":null}}],"line":3},"1":{"loc":{"start":{"line":26,"column":51},"end":{"line":26,"column":67}},"type":"default-arg","locations":[{"start":{"line":26,"column":61},"end":{"line":26,"column":67}}],"line":26},"2":{"loc":{"start":{"line":26,"column":67},"end":{"line":26,"column":85}},"type":"default-arg","locations":[{"start":{"line":26,"column":79},"end":{"line":26,"column":85}}],"line":26},"3":{"loc":{"start":{"line":30,"column":16},"end":{"line":30,"column":null}},"type":"binary-expr","locations":[{"start":{"line":30,"column":16},"end":{"line":30,"column":29}},{"start":{"line":30,"column":29},"end":{"line":30,"column":null}}],"line":30},"4":{"loc":{"start":{"line":33,"column":2},"end":{"line":36,"column":null}},"type":"if","locations":[{"start":{"line":33,"column":2},"end":{"line":36,"column":null}},{"start":{},"end":{}}],"line":33},"5":{"loc":{"start":{"line":58,"column":2},"end":{"line":61,"column":null}},"type":"if","locations":[{"start":{"line":58,"column":2},"end":{"line":61,"column":null}},{"start":{},"end":{}}],"line":58},"6":{"loc":{"start":{"line":71,"column":4},"end":{"line":72,"column":null}},"type":"if","locations":[{"start":{"line":71,"column":4},"end":{"line":72,"column":null}},{"start":{},"end":{}}],"line":71},"7":{"loc":{"start":{"line":71,"column":8},"end":{"line":71,"column":69}},"type":"binary-expr","locations":[{"start":{"line":71,"column":8},"end":{"line":71,"column":30}},{"start":{"line":71,"column":30},"end":{"line":71,"column":51}},{"start":{"line":71,"column":51},"end":{"line":71,"column":69}}],"line":71},"8":{"loc":{"start":{"line":72,"column":13},"end":{"line":72,"column":37}},"type":"binary-expr","locations":[{"start":{"line":72,"column":13},"end":{"line":72,"column":35}},{"start":{"line":72,"column":35},"end":{"line":72,"column":37}}],"line":72},"9":{"loc":{"start":{"line":83,"column":17},"end":{"line":83,"column":37}},"type":"cond-expr","locations":[{"start":{"line":83,"column":24},"end":{"line":83,"column":32}},{"start":{"line":83,"column":35},"end":{"line":83,"column":37}}],"line":83},"10":{"loc":{"start":{"line":98,"column":4},"end":{"line":98,"column":null}},"type":"if","locations":[{"start":{"line":98,"column":4},"end":{"line":98,"column":null}},{"start":{},"end":{}}],"line":98},"11":{"loc":{"start":{"line":99,"column":4},"end":{"line":99,"column":null}},"type":"if","locations":[{"start":{"line":99,"column":4},"end":{"line":99,"column":null}},{"start":{},"end":{}}],"line":99}},"s":{"0":2,"1":2,"2":4,"3":4,"4":30,"5":30,"6":2,"7":2,"8":2,"9":30,"10":9,"11":25,"12":25,"13":1,"14":1,"15":1,"16":25,"17":25,"18":12,"19":13,"20":13,"21":6,"22":7,"23":6,"24":6,"25":5,"26":8,"27":8,"28":2,"29":6,"30":6,"31":2,"32":4,"33":4,"34":2},"f":{"0":4,"1":30,"2":25,"3":6,"4":8},"b":{"0":[2,2],"1":[30],"2":[30],"3":[30,29],"4":[2,28],"5":[1,24],"6":[6,7],"7":[13,11,11],"8":[6,0],"9":[3,3],"10":[2,4],"11":[2,2]},"meta":{"lastBranch":12,"lastFunction":5,"lastStatement":35,"seen":{"s:3:13:3:Infinity":0,"b:3:13:3:45:3:45:3:Infinity":0,"s:5:12:9:2":1,"f:15:22:15:35":0,"s:16:2:18:Infinity":2,"s:17:4:17:Infinity":3,"f:26:22:26:31":1,"b:26:61:26:67":1,"b:26:79:26:85":2,"s:27:18:31:Infinity":4,"b:30:16:30:29:30:29:30:Infinity":3,"b:33:2:36:Infinity:undefined:undefined:undefined:undefined":4,"s:33:2:36:Infinity":5,"s:34:4:34:Infinity":6,"s:35:4:35:Infinity":7,"s:36:4:36:Infinity":8,"s:39:19:39:55":9,"s:40:2:40:Infinity":10,"f:52:22:52:37":2,"s:53:18:57:Infinity":11,"b:58:2:61:Infinity:undefined:undefined:undefined:undefined":5,"s:58:2:61:Infinity":12,"s:59:4:59:Infinity":13,"s:60:4:60:Infinity":14,"s:61:4:61:Infinity":15,"s:63:2:75:Infinity":16,"s:64:21:64:57":17,"s:65:4:65:Infinity":18,"s:67:23:67:Infinity":19,"b:71:4:72:Infinity:undefined:undefined:undefined:undefined":6,"s:71:4:72:Infinity":20,"b:71:8:71:30:71:30:71:51:71:51:71:69":7,"s:72:6:72:Infinity":21,"b:72:13:72:35:72:35:72:37":8,"s:75:4:75:Infinity":22,"f:82:22:82:33":3,"s:83:17:83:37":23,"b:83:24:83:32:83:35:83:37":9,"s:84:19:84:60":24,"s:85:2:85:Infinity":25,"f:92:22:92:42":4,"s:93:2:100:Infinity":26,"s:94:21:94:81":27,"s:95:4:95:Infinity":28,"s:97:19:97:Infinity":29,"b:98:4:98:Infinity:undefined:undefined:undefined:undefined":10,"s:98:4:98:Infinity":30,"s:98:16:98:Infinity":31,"b:99:4:99:Infinity:undefined:undefined:undefined:undefined":11,"s:99:4:99:Infinity":32,"s:99:37:99:Infinity":33,"s:100:4:100:Infinity":34}}}
,"E:\\qr-checklist\\frontend\\src\\lib\\apiError.js": {"path":"E:\\qr-checklist\\frontend\\src\\lib\\apiError.js","statementMap":{"0":{"start":{"line":13,"column":21},"end":{"line":13,"column":null}},"1":{"start":{"line":14,"column":26},"end":{"line":14,"column":null}},"2":{"start":{"line":17,"column":2},"end":{"line":23,"column":null}},"3":{"start":{"line":18,"column":4},"end":{"line":23,"column":null}},"4":{"start":{"line":27,"column":2},"end":{"line":32,"column":null}},"5":{"start":{"line":28,"column":4},"end":{"line":32,"column":null}},"6":{"start":{"line":37,"column":2},"end":{"line":42,"column":null}},"7":{"start":{"line":38,"column":4},"end":{"line":42,"column":null}},"8":{"start":{"line":45,"column":2},"end":{"line":49,"column":null}}},"fnMap":{"0":{"name":"classifyApiError","decl":{"start":{"line":12,"column":16},"end":{"line":12,"column":33}},"loc":{"start":{"line":12,"column":48},"end":{"line":49,"column":null}},"line":12}},"branchMap":{"0":{"loc":{"start":{"line":17,"column":2},"end":{"line":23,"column":null}},"type":"if","locations":[{"start":{"line":17,"column":2},"end":{"line":23,"column":null}},{"start":{},"end":{}}],"line":17},"1":{"loc":{"start":{"line":17,"column":6},"end":{"line":17,"column":64}},"type":"binary-expr","locations":[{"start":{"line":17,"column":6},"end":{"line":17,"column":25}},{"start":{"line":17,"column":25},"end":{"line":17,"column":46}},{"start":{"line":17,"column":46},"end":{"line":17,"column":64}}],"line":17},"2":{"loc":{"start":{"line":21,"column":15},"end":{"line":21,"column":null}},"type":"binary-expr","locations":[{"start":{"line":21,"column":15},"end":{"line":21,"column":45}},{"start":{"line":21,"column":45},"end":{"line":21,"column":60}},{"start":{"line":21,"column":60},"end":{"line":21,"column":null}}],"line":21},"3":{"loc":{"start":{"line":22,"column":12},"end":{"line":22,"column":null}},"type":"binary-expr","locations":[{"start":{"line":22,"column":12},"end":{"line":22,"column":33}},{"start":{"line":22,"column":33},"end":{"line":22,"column":null}}],"line":22},"4":{"loc":{"start":{"line":27,"column":2},"end":{"line":32,"column":null}},"type":"if","locations":[{"start":{"line":27,"column":2},"end":{"line":32,"column":null}},{"start":{},"end":{}}],"line":27},"5":{"loc":{"start":{"line":27,"column":6},"end":{"line":27,"column":44}},"type":"binary-expr","locations":[{"start":{"line":27,"column":6},"end":{"line":27,"column":25}},{"start":{"line":27,"column":25},"end":{"line":27,"column":44}}],"line":27},"6":{"loc":{"start":{"line":37,"column":2},"end":{"line":42,"column":null}},"type":"if","locations":[{"start":{"line":37,"column":2},"end":{"line":42,"column":null}},{"start":{},"end":{}}],"line":37}},"s":{"0":36,"1":36,"2":36,"3":8,"4":28,"5":6,"6":22,"7":7,"8":15},"f":{"0":36},"b":{"0":[8,28],"1":[36,14,14],"2":[8,6,0],"3":[8,0],"4":[6,22],"5":[28,6],"6":[7,15]},"meta":{"lastBranch":7,"lastFunction":1,"lastStatement":9,"seen":{"f:12:16:12:33":0,"s:13:21:13:Infinity":0,"s:14:26:14:Infinity":1,"b:17:2:23:Infinity:undefined:undefined:undefined:undefined":0,"s:17:2:23:Infinity":2,"b:17:6:17:25:17:25:17:46:17:46:17:64":1,"s:18:4:23:Infinity":3,"b:21:15:21:45:21:45:21:60:21:60:21:Infinity":2,"b:22:12:22:33:22:33:22:Infinity":3,"b:27:2:32:Infinity:undefined:undefined:undefined:undefined":4,"s:27:2:32:Infinity":4,"b:27:6:27:25:27:25:27:44":5,"s:28:4:32:Infinity":5,"b:37:2:42:Infinity:undefined:undefined:undefined:undefined":6,"s:37:2:42:Infinity":6,"s:38:4:42:Infinity":7,"s:45:2:49:Infinity":8}}}
,"E:\\qr-checklist\\frontend\\src\\lib\\exportExcel.js": {"path":"E:\\qr-checklist\\frontend\\src\\lib\\exportExcel.js","statementMap":{"0":{"start":{"line":3,"column":14},"end":{"line":3,"column":null}},"1":{"start":{"line":5,"column":18},"end":{"line":9,"column":null}},"2":{"start":{"line":12,"column":2},"end":{"line":12,"column":null}},"3":{"start":{"line":12,"column":18},"end":{"line":12,"column":null}},"4":{"start":{"line":13,"column":12},"end":{"line":13,"column":31}},"5":{"start":{"line":14,"column":15},"end":{"line":14,"column":116}},"6":{"start":{"line":15,"column":15},"end":{"line":15,"column":135}},"7":{"start":{"line":16,"column":2},"end":{"line":16,"column":null}},"8":{"start":{"line":20,"column":2},"end":{"line":26,"column":null}},"9":{"start":{"line":20,"column":31},"end":{"line":26,"column":5}},"10":{"start":{"line":30,"column":2},"end":{"line":34,"column":null}},"11":{"start":{"line":30,"column":29},"end":{"line":34,"column":5}},"12":{"start":{"line":38,"column":2},"end":{"line":46,"column":null}},"13":{"start":{"line":38,"column":28},"end":{"line":46,"column":5}},"14":{"start":{"line":50,"column":13},"end":{"line":50,"column":43}},"15":{"start":{"line":51,"column":13},"end":{"line":51,"column":34}},"16":{"start":{"line":52,"column":2},"end":{"line":52,"column":null}},"17":{"start":{"line":53,"column":2},"end":{"line":53,"column":null}}},"fnMap":{"0":{"name":"toVnDateTime","decl":{"start":{"line":11,"column":9},"end":{"line":11,"column":22}},"loc":{"start":{"line":11,"column":33},"end":{"line":16,"column":null}},"line":11},"1":{"name":"buildStationsRows","decl":{"start":{"line":19,"column":16},"end":{"line":19,"column":34}},"loc":{"start":{"line":19,"column":44},"end":{"line":26,"column":null}},"line":19},"2":{"name":"(anonymous_2)","decl":{"start":{"line":20,"column":18},"end":{"line":20,"column":23}},"loc":{"start":{"line":20,"column":31},"end":{"line":26,"column":5}},"line":20},"3":{"name":"buildAliasesRows","decl":{"start":{"line":29,"column":16},"end":{"line":29,"column":33}},"loc":{"start":{"line":29,"column":42},"end":{"line":34,"column":null}},"line":29},"4":{"name":"(anonymous_4)","decl":{"start":{"line":30,"column":17},"end":{"line":30,"column":22}},"loc":{"start":{"line":30,"column":29},"end":{"line":34,"column":5}},"line":30},"5":{"name":"buildHistoryRows","decl":{"start":{"line":37,"column":16},"end":{"line":37,"column":33}},"loc":{"start":{"line":37,"column":39},"end":{"line":46,"column":null}},"line":37},"6":{"name":"(anonymous_6)","decl":{"start":{"line":38,"column":14},"end":{"line":38,"column":19}},"loc":{"start":{"line":38,"column":28},"end":{"line":46,"column":5}},"line":38},"7":{"name":"exportToExcel","decl":{"start":{"line":49,"column":16},"end":{"line":49,"column":30}},"loc":{"start":{"line":49,"column":68},"end":{"line":53,"column":null}},"line":49}},"branchMap":{"0":{"loc":{"start":{"line":12,"column":2},"end":{"line":12,"column":null}},"type":"if","locations":[{"start":{"line":12,"column":2},"end":{"line":12,"column":null}},{"start":{},"end":{}}],"line":12},"1":{"loc":{"start":{"line":25,"column":19},"end":{"line":25,"column":null}},"type":"cond-expr","locations":[{"start":{"line":25,"column":31},"end":{"line":25,"column":45}},{"start":{"line":25,"column":45},"end":{"line":25,"column":null}}],"line":25},"2":{"loc":{"start":{"line":33,"column":19},"end":{"line":33,"column":null}},"type":"binary-expr","locations":[{"start":{"line":33,"column":19},"end":{"line":33,"column":29}},{"start":{"line":33,"column":29},"end":{"line":33,"column":null}}],"line":33},"3":{"loc":{"start":{"line":42,"column":24},"end":{"line":42,"column":null}},"type":"binary-expr","locations":[{"start":{"line":42,"column":24},"end":{"line":42,"column":41}},{"start":{"line":42,"column":41},"end":{"line":42,"column":null}}],"line":42},"4":{"loc":{"start":{"line":43,"column":24},"end":{"line":43,"column":null}},"type":"binary-expr","locations":[{"start":{"line":43,"column":24},"end":{"line":43,"column":53}},{"start":{"line":43,"column":53},"end":{"line":43,"column":71}},{"start":{"line":43,"column":71},"end":{"line":43,"column":null}}],"line":43},"5":{"loc":{"start":{"line":44,"column":24},"end":{"line":44,"column":null}},"type":"cond-expr","locations":[{"start":{"line":44,"column":51},"end":{"line":44,"column":70}},{"start":{"line":44,"column":70},"end":{"line":44,"column":null}}],"line":44},"6":{"loc":{"start":{"line":45,"column":24},"end":{"line":45,"column":null}},"type":"cond-expr","locations":[{"start":{"line":45,"column":41},"end":{"line":45,"column":52}},{"start":{"line":45,"column":52},"end":{"line":45,"column":null}}],"line":45},"7":{"loc":{"start":{"line":49,"column":46},"end":{"line":49,"column":68}},"type":"default-arg","locations":[{"start":{"line":49,"column":58},"end":{"line":49,"column":68}}],"line":49}},"s":{"0":1,"1":1,"2":21,"3":0,"4":21,"5":21,"6":21,"7":21,"8":5,"9":8,"10":5,"11":8,"12":8,"13":21,"14":0,"15":0,"16":0,"17":0},"f":{"0":21,"1":5,"2":8,"3":5,"4":8,"5":8,"6":21,"7":0},"b":{"0":[0,21],"1":[4,4],"2":[8,4],"3":[21,7],"4":[21,0,0],"5":[14,7],"6":[7,14],"7":[0]},"meta":{"lastBranch":8,"lastFunction":8,"lastStatement":18,"seen":{"s:3:14:3:Infinity":0,"s:5:18:9:Infinity":1,"f:11:9:11:22":0,"b:12:2:12:Infinity:undefined:undefined:undefined:undefined":0,"s:12:2:12:Infinity":2,"s:12:18:12:Infinity":3,"s:13:12:13:31":4,"s:14:15:14:116":5,"s:15:15:15:135":6,"s:16:2:16:Infinity":7,"f:19:16:19:34":1,"s:20:2:26:Infinity":8,"f:20:18:20:23":2,"s:20:31:26:5":9,"b:25:31:25:45:25:45:25:Infinity":1,"f:29:16:29:33":3,"s:30:2:34:Infinity":10,"f:30:17:30:22":4,"s:30:29:34:5":11,"b:33:19:33:29:33:29:33:Infinity":2,"f:37:16:37:33":5,"s:38:2:46:Infinity":12,"f:38:14:38:19":6,"s:38:28:46:5":13,"b:42:24:42:41:42:41:42:Infinity":3,"b:43:24:43:53:43:53:43:71:43:71:43:Infinity":4,"b:44:51:44:70:44:70:44:Infinity":5,"b:45:41:45:52:45:52:45:Infinity":6,"f:49:16:49:30":7,"b:49:58:49:68":7,"s:50:13:50:43":14,"s:51:13:51:34":15,"s:52:2:52:Infinity":16,"s:53:2:53:Infinity":17}}}
,"E:\\qr-checklist\\frontend\\src\\lib\\geolocation.js": {"path":"E:\\qr-checklist\\frontend\\src\\lib\\geolocation.js","statementMap":{"0":{"start":{"line":1,"column":26},"end":{"line":6,"column":null}},"1":{"start":{"line":19,"column":2},"end":{"line":19,"column":null}},"2":{"start":{"line":19,"column":30},"end":{"line":19,"column":null}},"3":{"start":{"line":20,"column":2},"end":{"line":24,"column":null}},"4":{"start":{"line":21,"column":19},"end":{"line":21,"column":77}},"5":{"start":{"line":22,"column":4},"end":{"line":22,"column":null}},"6":{"start":{"line":24,"column":4},"end":{"line":24,"column":null}},"7":{"start":{"line":33,"column":2},"end":{"line":65,"column":null}},"8":{"start":{"line":34,"column":4},"end":{"line":35,"column":null}},"9":{"start":{"line":35,"column":6},"end":{"line":35,"column":null}},"10":{"start":{"line":38,"column":22},"end":{"line":38,"column":null}},"11":{"start":{"line":39,"column":4},"end":{"line":64,"column":null}},"12":{"start":{"line":41,"column":8},"end":{"line":45,"column":10}},"13":{"start":{"line":48,"column":10},"end":{"line":52,"column":null}},"14":{"start":{"line":53,"column":8},"end":{"line":53,"column":null}}},"fnMap":{"0":{"name":"checkGpsPermission","decl":{"start":{"line":18,"column":22},"end":{"line":18,"column":43}},"loc":{"start":{"line":18,"column":43},"end":{"line":24,"column":null}},"line":18},"1":{"name":"getCurrentPosition","decl":{"start":{"line":32,"column":16},"end":{"line":32,"column":35}},"loc":{"start":{"line":32,"column":49},"end":{"line":65,"column":null}},"line":32},"2":{"name":"(anonymous_2)","decl":{"start":{"line":33,"column":13},"end":{"line":33,"column":22}},"loc":{"start":{"line":33,"column":42},"end":{"line":65,"column":null}},"line":33},"3":{"name":"(anonymous_3)","decl":{"start":{"line":39,"column":26},"end":{"line":39,"column":null}},"loc":{"start":{"line":41,"column":8},"end":{"line":45,"column":10}},"line":41},"4":{"name":"(anonymous_4)","decl":{"start":{"line":45,"column":10},"end":{"line":45,"column":null}},"loc":{"start":{"line":46,"column":15},"end":{"line":55,"column":null}},"line":46}},"branchMap":{"0":{"loc":{"start":{"line":19,"column":2},"end":{"line":19,"column":null}},"type":"if","locations":[{"start":{"line":19,"column":2},"end":{"line":19,"column":null}},{"start":{},"end":{}}],"line":19},"1":{"loc":{"start":{"line":32,"column":35},"end":{"line":32,"column":47}},"type":"default-arg","locations":[{"start":{"line":32,"column":45},"end":{"line":32,"column":47}}],"line":32},"2":{"loc":{"start":{"line":34,"column":4},"end":{"line":35,"column":null}},"type":"if","locations":[{"start":{"line":34,"column":4},"end":{"line":35,"column":null}},{"start":{},"end":{}}],"line":34},"3":{"loc":{"start":{"line":48,"column":10},"end":{"line":52,"column":null}},"type":"binary-expr","locations":[{"start":{"line":48,"column":10},"end":{"line":52,"column":25}},{"start":{"line":52,"column":25},"end":{"line":52,"column":null}}],"line":48},"4":{"loc":{"start":{"line":59,"column":17},"end":{"line":59,"column":null}},"type":"cond-expr","locations":[{"start":{"line":59,"column":29},"end":{"line":59,"column":36}},{"start":{"line":59,"column":36},"end":{"line":59,"column":null}}],"line":59},"5":{"loc":{"start":{"line":61,"column":20},"end":{"line":61,"column":null}},"type":"cond-expr","locations":[{"start":{"line":61,"column":32},"end":{"line":61,"column":41}},{"start":{"line":61,"column":41},"end":{"line":61,"column":null}}],"line":61}},"s":{"0":1,"1":5,"2":1,"3":4,"4":4,"5":3,"6":1,"7":6,"8":6,"9":1,"10":5,"11":5,"12":1,"13":4,"14":4},"f":{"0":5,"1":6,"2":6,"3":1,"4":4},"b":{"0":[1,4],"1":[6],"2":[1,5],"3":[4,1],"4":[5,0],"5":[5,0]},"meta":{"lastBranch":6,"lastFunction":5,"lastStatement":15,"seen":{"s:1:26:6:Infinity":0,"f:18:22:18:43":0,"b:19:2:19:Infinity:undefined:undefined:undefined:undefined":0,"s:19:2:19:Infinity":1,"s:19:30:19:Infinity":2,"s:20:2:24:Infinity":3,"s:21:19:21:77":4,"s:22:4:22:Infinity":5,"s:24:4:24:Infinity":6,"f:32:16:32:35":1,"b:32:45:32:47":1,"s:33:2:65:Infinity":7,"f:33:13:33:22":2,"b:34:4:35:Infinity:undefined:undefined:undefined:undefined":2,"s:34:4:35:Infinity":8,"s:35:6:35:Infinity":9,"s:38:22:38:Infinity":10,"s:39:4:64:Infinity":11,"f:39:26:39:Infinity":3,"s:41:8:45:10":12,"f:45:10:45:Infinity":4,"s:48:10:52:Infinity":13,"b:48:10:52:25:52:25:52:Infinity":3,"s:53:8:53:Infinity":14,"b:59:29:59:36:59:36:59:Infinity":4,"b:61:32:61:41:61:41:61:Infinity":5}}}
,"E:\\qr-checklist\\frontend\\src\\lib\\offlineQueue.js": {"path":"E:\\qr-checklist\\frontend\\src\\lib\\offlineQueue.js","statementMap":{"0":{"start":{"line":6,"column":18},"end":{"line":6,"column":null}},"1":{"start":{"line":10,"column":2},"end":{"line":13,"column":null}},"2":{"start":{"line":11,"column":4},"end":{"line":11,"column":null}},"3":{"start":{"line":13,"column":4},"end":{"line":13,"column":null}},"4":{"start":{"line":19,"column":16},"end":{"line":19,"column":26}},"5":{"start":{"line":20,"column":2},"end":{"line":20,"column":null}},"6":{"start":{"line":21,"column":2},"end":{"line":21,"column":null}},"7":{"start":{"line":26,"column":2},"end":{"line":26,"column":null}},"8":{"start":{"line":31,"column":16},"end":{"line":31,"column":26}},"9":{"start":{"line":32,"column":2},"end":{"line":32,"column":null}},"10":{"start":{"line":33,"column":2},"end":{"line":33,"column":null}},"11":{"start":{"line":42,"column":16},"end":{"line":42,"column":26}},"12":{"start":{"line":43,"column":2},"end":{"line":43,"column":null}},"13":{"start":{"line":43,"column":26},"end":{"line":43,"column":null}},"14":{"start":{"line":45,"column":16},"end":{"line":45,"column":null}},"15":{"start":{"line":46,"column":15},"end":{"line":46,"column":null}},"16":{"start":{"line":49,"column":2},"end":{"line":56,"column":null}},"17":{"start":{"line":49,"column":15},"end":{"line":49,"column":33}},"18":{"start":{"line":50,"column":17},"end":{"line":50,"column":null}},"19":{"start":{"line":51,"column":4},"end":{"line":56,"column":null}},"20":{"start":{"line":52,"column":6},"end":{"line":52,"column":null}},"21":{"start":{"line":53,"column":6},"end":{"line":53,"column":null}},"22":{"start":{"line":54,"column":6},"end":{"line":54,"column":null}},"23":{"start":{"line":56,"column":6},"end":{"line":56,"column":null}},"24":{"start":{"line":60,"column":2},"end":{"line":60,"column":null}},"25":{"start":{"line":65,"column":2},"end":{"line":65,"column":null}}},"fnMap":{"0":{"name":"getQueue","decl":{"start":{"line":9,"column":16},"end":{"line":9,"column":27}},"loc":{"start":{"line":9,"column":27},"end":{"line":13,"column":null}},"line":9},"1":{"name":"enqueue","decl":{"start":{"line":18,"column":16},"end":{"line":18,"column":24}},"loc":{"start":{"line":18,"column":30},"end":{"line":21,"column":null}},"line":18},"2":{"name":"clearQueue","decl":{"start":{"line":25,"column":16},"end":{"line":25,"column":29}},"loc":{"start":{"line":25,"column":29},"end":{"line":26,"column":null}},"line":25},"3":{"name":"removeItem","decl":{"start":{"line":30,"column":9},"end":{"line":30,"column":20}},"loc":{"start":{"line":30,"column":27},"end":{"line":33,"column":null}},"line":30},"4":{"name":"flushQueue","decl":{"start":{"line":41,"column":22},"end":{"line":41,"column":33}},"loc":{"start":{"line":41,"column":41},"end":{"line":60,"column":null}},"line":41},"5":{"name":"queueSize","decl":{"start":{"line":64,"column":16},"end":{"line":64,"column":28}},"loc":{"start":{"line":64,"column":28},"end":{"line":65,"column":null}},"line":64}},"branchMap":{"0":{"loc":{"start":{"line":11,"column":22},"end":{"line":11,"column":62}},"type":"binary-expr","locations":[{"start":{"line":11,"column":22},"end":{"line":11,"column":53}},{"start":{"line":11,"column":57},"end":{"line":11,"column":62}}],"line":11},"1":{"loc":{"start":{"line":43,"column":2},"end":{"line":43,"column":null}},"type":"if","locations":[{"start":{"line":43,"column":2},"end":{"line":43,"column":null}},{"start":{},"end":{}}],"line":43}},"s":{"0":2,"1":114,"2":114,"3":1,"4":37,"5":37,"6":37,"7":28,"8":20,"9":20,"10":20,"11":18,"12":18,"13":2,"14":16,"15":16,"16":16,"17":16,"18":29,"19":29,"20":29,"21":20,"22":20,"23":9,"24":16,"25":22},"f":{"0":114,"1":37,"2":28,"3":20,"4":18,"5":22},"b":{"0":[114,38],"1":[2,16]},"meta":{"lastBranch":2,"lastFunction":6,"lastStatement":26,"seen":{"s:6:18:6:Infinity":0,"f:9:16:9:27":0,"s:10:2:13:Infinity":1,"s:11:4:11:Infinity":2,"b:11:22:11:53:11:57:11:62":0,"s:13:4:13:Infinity":3,"f:18:16:18:24":1,"s:19:16:19:26":4,"s:20:2:20:Infinity":5,"s:21:2:21:Infinity":6,"f:25:16:25:29":2,"s:26:2:26:Infinity":7,"f:30:9:30:20":3,"s:31:16:31:26":8,"s:32:2:32:Infinity":9,"s:33:2:33:Infinity":10,"f:41:22:41:33":4,"s:42:16:42:26":11,"b:43:2:43:Infinity:undefined:undefined:undefined:undefined":1,"s:43:2:43:Infinity":12,"s:43:26:43:Infinity":13,"s:45:16:45:Infinity":14,"s:46:15:46:Infinity":15,"s:49:2:56:Infinity":16,"s:49:15:49:33":17,"s:50:17:50:Infinity":18,"s:51:4:56:Infinity":19,"s:52:6:52:Infinity":20,"s:53:6:53:Infinity":21,"s:54:6:54:Infinity":22,"s:56:6:56:Infinity":23,"s:60:2:60:Infinity":24,"f:64:16:64:28":5,"s:65:2:65:Infinity":25}}}
,"E:\\qr-checklist\\frontend\\src\\lib\\utils.js": {"path":"E:\\qr-checklist\\frontend\\src\\lib\\utils.js","statementMap":{"0":{"start":{"line":6,"column":17},"end":{"line":6,"column":50}},"1":{"start":{"line":7,"column":2},"end":{"line":11,"column":null}},"2":{"start":{"line":8,"column":15},"end":{"line":8,"column":null}},"3":{"start":{"line":9,"column":15},"end":{"line":9,"column":38}},"4":{"start":{"line":10,"column":4},"end":{"line":10,"column":null}},"5":{"start":{"line":11,"column":4},"end":{"line":11,"column":null}},"6":{"start":{"line":13,"column":2},"end":{"line":13,"column":null}},"7":{"start":{"line":20,"column":2},"end":{"line":20,"column":null}},"8":{"start":{"line":20,"column":18},"end":{"line":20,"column":null}},"9":{"start":{"line":21,"column":2},"end":{"line":29,"column":null}},"10":{"start":{"line":34,"column":2},"end":{"line":34,"column":null}}},"fnMap":{"0":{"name":"getDeviceId","decl":{"start":{"line":5,"column":16},"end":{"line":5,"column":30}},"loc":{"start":{"line":5,"column":30},"end":{"line":13,"column":null}},"line":5},"1":{"name":"formatDateTime","decl":{"start":{"line":19,"column":16},"end":{"line":19,"column":31}},"loc":{"start":{"line":19,"column":42},"end":{"line":29,"column":null}},"line":19},"2":{"name":"cn","decl":{"start":{"line":33,"column":16},"end":{"line":33,"column":19}},"loc":{"start":{"line":33,"column":31},"end":{"line":34,"column":null}},"line":33}},"branchMap":{"0":{"loc":{"start":{"line":7,"column":2},"end":{"line":11,"column":null}},"type":"if","locations":[{"start":{"line":7,"column":2},"end":{"line":11,"column":null}},{"start":{},"end":{}}],"line":7},"1":{"loc":{"start":{"line":20,"column":2},"end":{"line":20,"column":null}},"type":"if","locations":[{"start":{"line":20,"column":2},"end":{"line":20,"column":null}},{"start":{},"end":{}}],"line":20}},"s":{"0":6,"1":6,"2":3,"3":3,"4":3,"5":3,"6":6,"7":4,"8":2,"9":2,"10":4},"f":{"0":6,"1":4,"2":4},"b":{"0":[3,3],"1":[2,2]},"meta":{"lastBranch":2,"lastFunction":3,"lastStatement":11,"seen":{"f:5:16:5:30":0,"s:6:17:6:50":0,"b:7:2:11:Infinity:undefined:undefined:undefined:undefined":0,"s:7:2:11:Infinity":1,"s:8:15:8:Infinity":2,"s:9:15:9:38":3,"s:10:4:10:Infinity":4,"s:11:4:11:Infinity":5,"s:13:2:13:Infinity":6,"f:19:16:19:31":1,"b:20:2:20:Infinity:undefined:undefined:undefined:undefined":1,"s:20:2:20:Infinity":7,"s:20:18:20:Infinity":8,"s:21:2:29:Infinity":9,"f:33:16:33:19":2,"s:34:2:34:Infinity":10}}}
,"E:\\qr-checklist\\frontend\\src\\pages\\AdminPage.jsx": {"path":"E:\\qr-checklist\\frontend\\src\\pages\\AdminPage.jsx","statementMap":{"0":{"start":{"line":10,"column":2},"end":{"line":13,"column":null}},"1":{"start":{"line":18,"column":2},"end":{"line":22,"column":null}},"2":{"start":{"line":28,"column":2},"end":{"line":31,"column":null}},"3":{"start":{"line":37,"column":2},"end":{"line":41,"column":null}},"4":{"start":{"line":49,"column":15},"end":{"line":56,"column":4}},"5":{"start":{"line":57,"column":2},"end":{"line":57,"column":null}},"6":{"start":{"line":64,"column":17},"end":{"line":69,"column":null}},"7":{"start":{"line":70,"column":2},"end":{"line":84,"column":null}},"8":{"start":{"line":94,"column":2},"end":{"line":106,"column":null}},"9":{"start":{"line":96,"column":21},"end":{"line":96,"column":39}},"10":{"start":{"line":114,"column":17},"end":{"line":114,"column":null}},"11":{"start":{"line":115,"column":17},"end":{"line":115,"column":null}},"12":{"start":{"line":117,"column":20},"end":{"line":117,"column":null}},"13":{"start":{"line":118,"column":20},"end":{"line":118,"column":null}},"14":{"start":{"line":120,"column":2},"end":{"line":180,"column":null}},"15":{"start":{"line":158,"column":57},"end":{"line":158,"column":83}},"16":{"start":{"line":168,"column":12},"end":{"line":168,"column":null}},"17":{"start":{"line":168,"column":18},"end":{"line":168,"column":69}},"18":{"start":{"line":191,"column":15},"end":{"line":191,"column":67}},"19":{"start":{"line":192,"column":19},"end":{"line":192,"column":67}},"20":{"start":{"line":194,"column":2},"end":{"line":194,"column":null}},"21":{"start":{"line":194,"column":13},"end":{"line":194,"column":null}},"22":{"start":{"line":196,"column":19},"end":{"line":196,"column":null}},"23":{"start":{"line":203,"column":2},"end":{"line":273,"column":null}},"24":{"start":{"line":211,"column":22},"end":{"line":211,"column":41}},"25":{"start":{"line":228,"column":29},"end":{"line":228,"column":52}},"26":{"start":{"line":240,"column":29},"end":{"line":240,"column":56}},"27":{"start":{"line":260,"column":29},"end":{"line":260,"column":57}},"28":{"start":{"line":260,"column":57},"end":{"line":260,"column":null}},"29":{"start":{"line":281,"column":34},"end":{"line":281,"column":47}},"30":{"start":{"line":282,"column":20},"end":{"line":282,"column":51}},"31":{"start":{"line":283,"column":18},"end":{"line":283,"column":50}},"32":{"start":{"line":285,"column":8},"end":{"line":289,"column":16}},"33":{"start":{"line":286,"column":21},"end":{"line":286,"column":null}},"34":{"start":{"line":286,"column":42},"end":{"line":286,"column":52}},"35":{"start":{"line":287,"column":21},"end":{"line":287,"column":69}},"36":{"start":{"line":287,"column":49},"end":{"line":287,"column":67}},"37":{"start":{"line":288,"column":4},"end":{"line":288,"column":null}},"38":{"start":{"line":291,"column":8},"end":{"line":292,"column":71}},"39":{"start":{"line":292,"column":4},"end":{"line":292,"column":71}},"40":{"start":{"line":292,"column":22},"end":{"line":292,"column":70}},"41":{"start":{"line":292,"column":34},"end":{"line":292,"column":70}},"42":{"start":{"line":294,"column":8},"end":{"line":298,"column":null}},"43":{"start":{"line":295,"column":4},"end":{"line":298,"column":null}},"44":{"start":{"line":296,"column":6},"end":{"line":296,"column":null}},"45":{"start":{"line":296,"column":24},"end":{"line":296,"column":87}},"46":{"start":{"line":296,"column":36},"end":{"line":296,"column":87}},"47":{"start":{"line":298,"column":6},"end":{"line":298,"column":null}},"48":{"start":{"line":298,"column":24},"end":{"line":298,"column":103}},"49":{"start":{"line":302,"column":2},"end":{"line":359,"column":null}},"50":{"start":{"line":335,"column":10},"end":{"line":340,"column":null}},"51":{"start":{"line":339,"column":28},"end":{"line":339,"column":43}},"52":{"start":{"line":339,"column":43},"end":{"line":339,"column":null}},"53":{"start":{"line":346,"column":25},"end":{"line":346,"column":43}},"54":{"start":{"line":346,"column":43},"end":{"line":346,"column":null}},"55":{"start":{"line":362,"column":23},"end":{"line":362,"column":42}}},"fnMap":{"0":{"name":"IconPlus","decl":{"start":{"line":9,"column":9},"end":{"line":9,"column":18}},"loc":{"start":{"line":9,"column":45},"end":{"line":13,"column":null}},"line":9},"1":{"name":"IconCopy","decl":{"start":{"line":17,"column":9},"end":{"line":17,"column":18}},"loc":{"start":{"line":17,"column":45},"end":{"line":22,"column":null}},"line":17},"2":{"name":"IconEdit","decl":{"start":{"line":27,"column":9},"end":{"line":27,"column":18}},"loc":{"start":{"line":27,"column":45},"end":{"line":31,"column":null}},"line":27},"3":{"name":"IconExternal","decl":{"start":{"line":36,"column":9},"end":{"line":36,"column":22}},"loc":{"start":{"line":36,"column":49},"end":{"line":41,"column":null}},"line":36},"4":{"name":"useStations","decl":{"start":{"line":48,"column":9},"end":{"line":48,"column":23}},"loc":{"start":{"line":48,"column":23},"end":{"line":57,"column":null}},"line":48},"5":{"name":"StatCard","decl":{"start":{"line":63,"column":9},"end":{"line":63,"column":18}},"loc":{"start":{"line":63,"column":61},"end":{"line":84,"column":null}},"line":63},"6":{"name":"Toggle","decl":{"start":{"line":93,"column":9},"end":{"line":93,"column":16}},"loc":{"start":{"line":93,"column":39},"end":{"line":106,"column":null}},"line":93},"7":{"name":"(anonymous_7)","decl":{"start":{"line":96,"column":6},"end":{"line":96,"column":21}},"loc":{"start":{"line":96,"column":21},"end":{"line":96,"column":39}},"line":96},"8":{"name":"StationRow","decl":{"start":{"line":113,"column":9},"end":{"line":113,"column":20}},"loc":{"start":{"line":113,"column":51},"end":{"line":180,"column":null}},"line":113},"9":{"name":"(anonymous_9)","decl":{"start":{"line":158,"column":42},"end":{"line":158,"column":52}},"loc":{"start":{"line":158,"column":57},"end":{"line":158,"column":83}},"line":158},"10":{"name":"(anonymous_10)","decl":{"start":{"line":167,"column":19},"end":{"line":167,"column":31}},"loc":{"start":{"line":167,"column":31},"end":{"line":168,"column":null}},"line":167},"11":{"name":"StationSheet","decl":{"start":{"line":190,"column":9},"end":{"line":190,"column":22}},"loc":{"start":{"line":190,"column":58},"end":{"line":273,"column":null}},"line":190},"12":{"name":"(anonymous_12)","decl":{"start":{"line":211,"column":8},"end":{"line":211,"column":17}},"loc":{"start":{"line":211,"column":22},"end":{"line":211,"column":41}},"line":211},"13":{"name":"(anonymous_13)","decl":{"start":{"line":228,"column":14},"end":{"line":228,"column":24}},"loc":{"start":{"line":228,"column":29},"end":{"line":228,"column":52}},"line":228},"14":{"name":"(anonymous_14)","decl":{"start":{"line":240,"column":14},"end":{"line":240,"column":24}},"loc":{"start":{"line":240,"column":29},"end":{"line":240,"column":56}},"line":240},"15":{"name":"(anonymous_15)","decl":{"start":{"line":260,"column":12},"end":{"line":260,"column":27}},"loc":{"start":{"line":260,"column":27},"end":{"line":260,"column":null}},"line":260},"16":{"name":"AdminPage","decl":{"start":{"line":280,"column":24},"end":{"line":280,"column":36}},"loc":{"start":{"line":280,"column":36},"end":{"line":359,"column":null}},"line":280},"17":{"name":"(anonymous_17)","decl":{"start":{"line":285,"column":16},"end":{"line":285,"column":30}},"loc":{"start":{"line":285,"column":30},"end":{"line":289,"column":6}},"line":285},"18":{"name":"(anonymous_18)","decl":{"start":{"line":286,"column":30},"end":{"line":286,"column":37}},"loc":{"start":{"line":286,"column":42},"end":{"line":286,"column":52}},"line":286},"19":{"name":"(anonymous_19)","decl":{"start":{"line":287,"column":30},"end":{"line":287,"column":38}},"loc":{"start":{"line":287,"column":49},"end":{"line":287,"column":67}},"line":287},"20":{"name":"(anonymous_20)","decl":{"start":{"line":291,"column":8},"end":{"line":291,"column":18}},"loc":{"start":{"line":292,"column":4},"end":{"line":292,"column":71}},"line":292},"21":{"name":"(anonymous_21)","decl":{"start":{"line":292,"column":4},"end":{"line":292,"column":16}},"loc":{"start":{"line":292,"column":22},"end":{"line":292,"column":70}},"line":292},"22":{"name":"(anonymous_22)","decl":{"start":{"line":292,"column":25},"end":{"line":292,"column":29}},"loc":{"start":{"line":292,"column":34},"end":{"line":292,"column":70}},"line":292},"23":{"name":"(anonymous_23)","decl":{"start":{"line":294,"column":8},"end":{"line":294,"column":16}},"loc":{"start":{"line":294,"column":39},"end":{"line":298,"column":null}},"line":294},"24":{"name":"(anonymous_24)","decl":{"start":{"line":296,"column":6},"end":{"line":296,"column":18}},"loc":{"start":{"line":296,"column":24},"end":{"line":296,"column":87}},"line":296},"25":{"name":"(anonymous_25)","decl":{"start":{"line":296,"column":27},"end":{"line":296,"column":31}},"loc":{"start":{"line":296,"column":36},"end":{"line":296,"column":87}},"line":296},"26":{"name":"(anonymous_26)","decl":{"start":{"line":298,"column":6},"end":{"line":298,"column":18}},"loc":{"start":{"line":298,"column":24},"end":{"line":298,"column":103}},"line":298},"27":{"name":"(anonymous_27)","decl":{"start":{"line":334,"column":18},"end":{"line":334,"column":22}},"loc":{"start":{"line":335,"column":10},"end":{"line":340,"column":null}},"line":335},"28":{"name":"(anonymous_28)","decl":{"start":{"line":339,"column":12},"end":{"line":339,"column":26}},"loc":{"start":{"line":339,"column":26},"end":{"line":339,"column":null}},"line":339},"29":{"name":"(anonymous_29)","decl":{"start":{"line":346,"column":8},"end":{"line":346,"column":23}},"loc":{"start":{"line":346,"column":23},"end":{"line":346,"column":null}},"line":346},"30":{"name":"(anonymous_30)","decl":{"start":{"line":362,"column":8},"end":{"line":362,"column":23}},"loc":{"start":{"line":362,"column":23},"end":{"line":362,"column":42}},"line":362}},"branchMap":{"0":{"loc":{"start":{"line":9,"column":20},"end":{"line":9,"column":45}},"type":"default-arg","locations":[{"start":{"line":9,"column":32},"end":{"line":9,"column":45}}],"line":9},"1":{"loc":{"start":{"line":17,"column":20},"end":{"line":17,"column":45}},"type":"default-arg","locations":[{"start":{"line":17,"column":32},"end":{"line":17,"column":45}}],"line":17},"2":{"loc":{"start":{"line":27,"column":20},"end":{"line":27,"column":45}},"type":"default-arg","locations":[{"start":{"line":27,"column":32},"end":{"line":27,"column":45}}],"line":27},"3":{"loc":{"start":{"line":36,"column":24},"end":{"line":36,"column":49}},"type":"default-arg","locations":[{"start":{"line":36,"column":36},"end":{"line":36,"column":49}}],"line":36},"4":{"loc":{"start":{"line":63,"column":40},"end":{"line":63,"column":61}},"type":"default-arg","locations":[{"start":{"line":63,"column":49},"end":{"line":63,"column":61}}],"line":63},"5":{"loc":{"start":{"line":83,"column":7},"end":{"line":84,"column":null}},"type":"binary-expr","locations":[{"start":{"line":83,"column":7},"end":{"line":83,"column":null}},{"start":{"line":84,"column":8},"end":{"line":84,"column":null}}],"line":83},"6":{"loc":{"start":{"line":102,"column":26},"end":{"line":102,"column":null}},"type":"cond-expr","locations":[{"start":{"line":102,"column":36},"end":{"line":102,"column":54}},{"start":{"line":102,"column":54},"end":{"line":102,"column":null}}],"line":102},"7":{"loc":{"start":{"line":104,"column":28},"end":{"line":104,"column":69}},"type":"cond-expr","locations":[{"start":{"line":104,"column":38},"end":{"line":104,"column":54}},{"start":{"line":104,"column":54},"end":{"line":104,"column":69}}],"line":104},"8":{"loc":{"start":{"line":114,"column":17},"end":{"line":114,"column":null}},"type":"cond-expr","locations":[{"start":{"line":114,"column":49},"end":{"line":114,"column":74}},{"start":{"line":114,"column":74},"end":{"line":114,"column":null}}],"line":114},"9":{"loc":{"start":{"line":129,"column":27},"end":{"line":131,"column":null}},"type":"cond-expr","locations":[{"start":{"line":130,"column":29},"end":{"line":130,"column":null}},{"start":{"line":131,"column":29},"end":{"line":131,"column":null}}],"line":129},"10":{"loc":{"start":{"line":133,"column":11},"end":{"line":133,"column":null}},"type":"binary-expr","locations":[{"start":{"line":133,"column":11},"end":{"line":133,"column":42}},{"start":{"line":133,"column":46},"end":{"line":133,"column":null}}],"line":133},"11":{"loc":{"start":{"line":141,"column":13},"end":{"line":147,"column":null}},"type":"binary-expr","locations":[{"start":{"line":141,"column":13},"end":{"line":141,"column":null}},{"start":{"line":142,"column":14},"end":{"line":147,"column":null}}],"line":141},"12":{"loc":{"start":{"line":191,"column":43},"end":{"line":191,"column":67}},"type":"binary-expr","locations":[{"start":{"line":191,"column":43},"end":{"line":191,"column":64}},{"start":{"line":191,"column":64},"end":{"line":191,"column":67}}],"line":191},"13":{"loc":{"start":{"line":192,"column":43},"end":{"line":192,"column":67}},"type":"binary-expr","locations":[{"start":{"line":192,"column":43},"end":{"line":192,"column":64}},{"start":{"line":192,"column":64},"end":{"line":192,"column":67}}],"line":192},"14":{"loc":{"start":{"line":194,"column":2},"end":{"line":194,"column":null}},"type":"if","locations":[{"start":{"line":194,"column":2},"end":{"line":194,"column":null}},{"start":{},"end":{}}],"line":194},"15":{"loc":{"start":{"line":218,"column":11},"end":{"line":218,"column":null}},"type":"cond-expr","locations":[{"start":{"line":218,"column":21},"end":{"line":218,"column":34}},{"start":{"line":218,"column":34},"end":{"line":218,"column":null}}],"line":218},"16":{"loc":{"start":{"line":292,"column":34},"end":{"line":292,"column":70}},"type":"cond-expr","locations":[{"start":{"line":292,"column":48},"end":{"line":292,"column":68}},{"start":{"line":292,"column":68},"end":{"line":292,"column":70}}],"line":292},"17":{"loc":{"start":{"line":295,"column":4},"end":{"line":298,"column":null}},"type":"if","locations":[{"start":{"line":295,"column":4},"end":{"line":298,"column":null}},{"start":{"line":297,"column":11},"end":{"line":298,"column":null}}],"line":295},"18":{"loc":{"start":{"line":296,"column":36},"end":{"line":296,"column":87}},"type":"cond-expr","locations":[{"start":{"line":296,"column":58},"end":{"line":296,"column":85}},{"start":{"line":296,"column":85},"end":{"line":296,"column":87}}],"line":296},"19":{"loc":{"start":{"line":359,"column":13},"end":{"line":359,"column":null}},"type":"binary-expr","locations":[{"start":{"line":359,"column":13},"end":{"line":359,"column":28}},{"start":{"line":359,"column":28},"end":{"line":359,"column":null}}],"line":359}},"s":{"0":38,"1":229,"2":229,"3":229,"4":38,"5":38,"6":152,"7":152,"8":229,"9":3,"10":229,"11":229,"12":229,"13":229,"14":229,"15":3,"16":0,"17":0,"18":66,"19":66,"20":66,"21":30,"22":36,"23":36,"24":7,"25":28,"26":0,"27":2,"28":2,"29":38,"30":38,"31":38,"32":38,"33":29,"34":175,"35":29,"36":175,"37":29,"38":38,"39":3,"40":3,"41":18,"42":38,"43":2,"44":1,"45":1,"46":6,"47":1,"48":1,"49":38,"50":229,"51":3,"52":3,"53":5,"54":5,"55":3},"f":{"0":38,"1":229,"2":229,"3":229,"4":38,"5":152,"6":229,"7":3,"8":229,"9":3,"10":0,"11":66,"12":7,"13":28,"14":0,"15":2,"16":38,"17":29,"18":175,"19":175,"20":3,"21":3,"22":18,"23":2,"24":1,"25":6,"26":1,"27":229,"28":3,"29":5,"30":3},"b":{"0":[38],"1":[229],"2":[229],"3":[229],"4":[152],"5":[152,114],"6":[190,39],"7":[190,39],"8":[229,0],"9":[190,39],"10":[229,1],"11":[229,39],"12":[66,53],"13":[66,53],"14":[30,36],"15":[12,24],"16":[3,15],"17":[1,1],"18":[1,5],"19":[38,34]},"meta":{"lastBranch":20,"lastFunction":31,"lastStatement":56,"seen":{"f:9:9:9:18":0,"b:9:32:9:45":0,"s:10:2:13:Infinity":0,"f:17:9:17:18":1,"b:17:32:17:45":1,"s:18:2:22:Infinity":1,"f:27:9:27:18":2,"b:27:32:27:45":2,"s:28:2:31:Infinity":2,"f:36:9:36:22":3,"b:36:36:36:49":3,"s:37:2:41:Infinity":3,"f:48:9:48:23":4,"s:49:15:56:4":4,"s:57:2:57:Infinity":5,"f:63:9:63:18":5,"b:63:49:63:61":4,"s:64:17:69:Infinity":6,"s:70:2:84:Infinity":7,"b:83:7:83:Infinity:84:8:84:Infinity":5,"f:93:9:93:16":6,"s:94:2:106:Infinity":8,"f:96:6:96:21":7,"s:96:21:96:39":9,"b:102:36:102:54:102:54:102:Infinity":6,"b:104:38:104:54:104:54:104:69":7,"f:113:9:113:20":8,"s:114:17:114:Infinity":10,"b:114:49:114:74:114:74:114:Infinity":8,"s:115:17:115:Infinity":11,"s:117:20:117:Infinity":12,"s:118:20:118:Infinity":13,"s:120:2:180:Infinity":14,"b:130:29:130:Infinity:131:29:131:Infinity":9,"b:133:11:133:42:133:46:133:Infinity":10,"b:141:13:141:Infinity:142:14:147:Infinity":11,"f:158:42:158:52":9,"s:158:57:158:83":15,"f:167:19:167:31":10,"s:168:12:168:Infinity":16,"s:168:18:168:69":17,"f:190:9:190:22":11,"s:191:15:191:67":18,"b:191:43:191:64:191:64:191:67":12,"s:192:19:192:67":19,"b:192:43:192:64:192:64:192:67":13,"b:194:2:194:Infinity:undefined:undefined:undefined:undefined":14,"s:194:2:194:Infinity":20,"s:194:13:194:Infinity":21,"s:196:19:196:Infinity":22,"s:203:2:273:Infinity":23,"f:211:8:211:17":12,"s:211:22:211:41":24,"b:218:21:218:34:218:34:218:Infinity":15,"f:228:14:228:24":13,"s:228:29:228:52":25,"f:240:14:240:24":14,"s:240:29:240:56":26,"f:260:12:260:27":15,"s:260:29:260:57":27,"s:260:57:260:Infinity":28,"f:280:24:280:36":16,"s:281:34:281:47":29,"s:282:20:282:51":30,"s:283:18:283:50":31,"s:285:8:289:16":32,"f:285:16:285:30":17,"s:286:21:286:Infinity":33,"f:286:30:286:37":18,"s:286:42:286:52":34,"s:287:21:287:69":35,"f:287:30:287:38":19,"s:287:49:287:67":36,"s:288:4:288:Infinity":37,"s:291:8:292:71":38,"f:291:8:291:18":20,"s:292:4:292:71":39,"f:292:4:292:16":21,"s:292:22:292:70":40,"f:292:25:292:29":22,"s:292:34:292:70":41,"b:292:48:292:68:292:68:292:70":16,"s:294:8:298:Infinity":42,"f:294:8:294:16":23,"b:295:4:298:Infinity:297:11:298:Infinity":17,"s:295:4:298:Infinity":43,"s:296:6:296:Infinity":44,"f:296:6:296:18":24,"s:296:24:296:87":45,"f:296:27:296:31":25,"s:296:36:296:87":46,"b:296:58:296:85:296:85:296:87":18,"s:298:6:298:Infinity":47,"f:298:6:298:18":26,"s:298:24:298:103":48,"s:302:2:359:Infinity":49,"f:334:18:334:22":27,"s:335:10:340:Infinity":50,"f:339:12:339:26":28,"s:339:28:339:43":51,"s:339:43:339:Infinity":52,"f:346:8:346:23":29,"s:346:25:346:43":53,"s:346:43:346:Infinity":54,"f:362:8:362:23":30,"s:362:23:362:42":55,"b:359:13:359:28:359:28:359:Infinity":19}}}
,"E:\\qr-checklist\\frontend\\src\\pages\\HistoryPage.jsx": {"path":"E:\\qr-checklist\\frontend\\src\\pages\\HistoryPage.jsx","statementMap":{"0":{"start":{"line":11,"column":2},"end":{"line":14,"column":null}},"1":{"start":{"line":20,"column":2},"end":{"line":23,"column":null}},"2":{"start":{"line":28,"column":2},"end":{"line":31,"column":null}},"3":{"start":{"line":36,"column":2},"end":{"line":39,"column":null}},"4":{"start":{"line":45,"column":2},"end":{"line":49,"column":null}},"5":{"start":{"line":54,"column":2},"end":{"line":57,"column":null}},"6":{"start":{"line":62,"column":2},"end":{"line":65,"column":null}},"7":{"start":{"line":74,"column":2},"end":{"line":80,"column":null}},"8":{"start":{"line":87,"column":14},"end":{"line":87,"column":27}},"9":{"start":{"line":88,"column":14},"end":{"line":88,"column":24}},"10":{"start":{"line":89,"column":14},"end":{"line":89,"column":27}},"11":{"start":{"line":89,"column":29},"end":{"line":89,"column":null}},"12":{"start":{"line":90,"column":15},"end":{"line":90,"column":84}},"13":{"start":{"line":91,"column":2},"end":{"line":91,"column":null}},"14":{"start":{"line":91,"column":47},"end":{"line":91,"column":null}},"15":{"start":{"line":92,"column":2},"end":{"line":92,"column":null}},"16":{"start":{"line":92,"column":47},"end":{"line":92,"column":null}},"17":{"start":{"line":93,"column":13},"end":{"line":93,"column":49}},"18":{"start":{"line":94,"column":13},"end":{"line":94,"column":54}},"19":{"start":{"line":95,"column":2},"end":{"line":95,"column":null}},"20":{"start":{"line":99,"column":14},"end":{"line":99,"column":24}},"21":{"start":{"line":100,"column":14},"end":{"line":100,"column":27}},"22":{"start":{"line":100,"column":29},"end":{"line":100,"column":null}},"23":{"start":{"line":101,"column":2},"end":{"line":101,"column":null}},"24":{"start":{"line":101,"column":50},"end":{"line":101,"column":null}},"25":{"start":{"line":102,"column":2},"end":{"line":102,"column":null}},"26":{"start":{"line":102,"column":50},"end":{"line":102,"column":null}},"27":{"start":{"line":103,"column":2},"end":{"line":103,"column":null}},"28":{"start":{"line":107,"column":14},"end":{"line":107,"column":23}},"29":{"start":{"line":108,"column":2},"end":{"line":112,"column":null}},"30":{"start":{"line":109,"column":16},"end":{"line":109,"column":31}},"31":{"start":{"line":110,"column":16},"end":{"line":110,"column":32}},"32":{"start":{"line":111,"column":4},"end":{"line":111,"column":null}},"33":{"start":{"line":111,"column":23},"end":{"line":111,"column":null}},"34":{"start":{"line":112,"column":4},"end":{"line":112,"column":null}},"35":{"start":{"line":114,"column":2},"end":{"line":114,"column":null}},"36":{"start":{"line":114,"column":49},"end":{"line":114,"column":65}},"37":{"start":{"line":121,"column":2},"end":{"line":140,"column":null}},"38":{"start":{"line":150,"column":13},"end":{"line":150,"column":null}},"39":{"start":{"line":151,"column":2},"end":{"line":190,"column":null}},"40":{"start":{"line":199,"column":19},"end":{"line":199,"column":31}},"41":{"start":{"line":200,"column":8},"end":{"line":200,"column":32}},"42":{"start":{"line":201,"column":16},"end":{"line":201,"column":40}},"43":{"start":{"line":202,"column":17},"end":{"line":202,"column":45}},"44":{"start":{"line":204,"column":8},"end":{"line":208,"column":16}},"45":{"start":{"line":204,"column":32},"end":{"line":208,"column":6}},"46":{"start":{"line":206,"column":30},"end":{"line":206,"column":48}},"47":{"start":{"line":207,"column":30},"end":{"line":207,"column":50}},"48":{"start":{"line":210,"column":8},"end":{"line":217,"column":30}},"49":{"start":{"line":211,"column":14},"end":{"line":211,"column":40}},"50":{"start":{"line":212,"column":4},"end":{"line":216,"column":null}},"51":{"start":{"line":213,"column":6},"end":{"line":213,"column":null}},"52":{"start":{"line":213,"column":52},"end":{"line":213,"column":null}},"53":{"start":{"line":214,"column":6},"end":{"line":214,"column":null}},"54":{"start":{"line":214,"column":14},"end":{"line":214,"column":null}},"55":{"start":{"line":215,"column":6},"end":{"line":215,"column":null}},"56":{"start":{"line":219,"column":8},"end":{"line":219,"column":64}},"57":{"start":{"line":219,"column":31},"end":{"line":219,"column":51}},"58":{"start":{"line":221,"column":8},"end":{"line":228,"column":null}},"59":{"start":{"line":222,"column":17},"end":{"line":222,"column":91}},"60":{"start":{"line":223,"column":17},"end":{"line":223,"column":42}},"61":{"start":{"line":224,"column":17},"end":{"line":224,"column":44}},"62":{"start":{"line":225,"column":4},"end":{"line":225,"column":null}},"63":{"start":{"line":226,"column":4},"end":{"line":226,"column":null}},"64":{"start":{"line":227,"column":4},"end":{"line":227,"column":null}},"65":{"start":{"line":228,"column":4},"end":{"line":228,"column":null}},"66":{"start":{"line":231,"column":8},"end":{"line":232,"column":null}},"67":{"start":{"line":232,"column":4},"end":{"line":232,"column":null}},"68":{"start":{"line":238,"column":2},"end":{"line":263,"column":null}},"69":{"start":{"line":239,"column":4},"end":{"line":263,"column":null}},"70":{"start":{"line":256,"column":25},"end":{"line":256,"column":38}},"71":{"start":{"line":268,"column":2},"end":{"line":373,"column":null}},"72":{"start":{"line":316,"column":25},"end":{"line":316,"column":49}},"73":{"start":{"line":332,"column":62},"end":{"line":332,"column":78}},"74":{"start":{"line":335,"column":62},"end":{"line":335,"column":77}},"75":{"start":{"line":338,"column":62},"end":{"line":338,"column":79}},"76":{"start":{"line":350,"column":29},"end":{"line":350,"column":43}},"77":{"start":{"line":350,"column":43},"end":{"line":350,"column":null}},"78":{"start":{"line":363,"column":12},"end":{"line":371,"column":null}},"79":{"start":{"line":369,"column":33},"end":{"line":369,"column":null}}},"fnMap":{"0":{"name":"IconSearch","decl":{"start":{"line":10,"column":9},"end":{"line":10,"column":20}},"loc":{"start":{"line":10,"column":47},"end":{"line":14,"column":null}},"line":10},"1":{"name":"IconCheck","decl":{"start":{"line":19,"column":9},"end":{"line":19,"column":19}},"loc":{"start":{"line":19,"column":46},"end":{"line":23,"column":null}},"line":19},"2":{"name":"IconX","decl":{"start":{"line":27,"column":9},"end":{"line":27,"column":15}},"loc":{"start":{"line":27,"column":42},"end":{"line":31,"column":null}},"line":27},"3":{"name":"IconDownload","decl":{"start":{"line":35,"column":9},"end":{"line":35,"column":22}},"loc":{"start":{"line":35,"column":49},"end":{"line":39,"column":null}},"line":35},"4":{"name":"IconTrash","decl":{"start":{"line":44,"column":9},"end":{"line":44,"column":19}},"loc":{"start":{"line":44,"column":46},"end":{"line":49,"column":null}},"line":44},"5":{"name":"IconChevronRight","decl":{"start":{"line":53,"column":9},"end":{"line":53,"column":26}},"loc":{"start":{"line":53,"column":53},"end":{"line":57,"column":null}},"line":53},"6":{"name":"IconEmpty","decl":{"start":{"line":61,"column":9},"end":{"line":61,"column":19}},"loc":{"start":{"line":61,"column":48},"end":{"line":65,"column":null}},"line":61},"7":{"name":"useHistory","decl":{"start":{"line":73,"column":9},"end":{"line":73,"column":22}},"loc":{"start":{"line":73,"column":22},"end":{"line":80,"column":null}},"line":73},"8":{"name":"formatWhen","decl":{"start":{"line":86,"column":9},"end":{"line":86,"column":20}},"loc":{"start":{"line":86,"column":25},"end":{"line":95,"column":null}},"line":86},"9":{"name":"formatDayHeader","decl":{"start":{"line":98,"column":9},"end":{"line":98,"column":25}},"loc":{"start":{"line":98,"column":31},"end":{"line":103,"column":null}},"line":98},"10":{"name":"groupByDay","decl":{"start":{"line":106,"column":9},"end":{"line":106,"column":20}},"loc":{"start":{"line":106,"column":27},"end":{"line":114,"column":null}},"line":106},"11":{"name":"(anonymous_11)","decl":{"start":{"line":114,"column":34},"end":{"line":114,"column":40}},"loc":{"start":{"line":114,"column":49},"end":{"line":114,"column":65}},"line":114},"12":{"name":"FilterChip","decl":{"start":{"line":120,"column":9},"end":{"line":120,"column":20}},"loc":{"start":{"line":120,"column":58},"end":{"line":140,"column":null}},"line":120},"13":{"name":"HistoryCard","decl":{"start":{"line":149,"column":9},"end":{"line":149,"column":21}},"loc":{"start":{"line":149,"column":31},"end":{"line":190,"column":null}},"line":149},"14":{"name":"HistoryPage","decl":{"start":{"line":198,"column":24},"end":{"line":198,"column":38}},"loc":{"start":{"line":198,"column":38},"end":{"line":373,"column":null}},"line":198},"15":{"name":"(anonymous_15)","decl":{"start":{"line":204,"column":17},"end":{"line":204,"column":32}},"loc":{"start":{"line":204,"column":32},"end":{"line":208,"column":6}},"line":204},"16":{"name":"(anonymous_16)","decl":{"start":{"line":206,"column":18},"end":{"line":206,"column":25}},"loc":{"start":{"line":206,"column":30},"end":{"line":206,"column":48}},"line":206},"17":{"name":"(anonymous_17)","decl":{"start":{"line":207,"column":18},"end":{"line":207,"column":25}},"loc":{"start":{"line":207,"column":30},"end":{"line":207,"column":50}},"line":207},"18":{"name":"(anonymous_18)","decl":{"start":{"line":210,"column":19},"end":{"line":210,"column":33}},"loc":{"start":{"line":210,"column":33},"end":{"line":217,"column":6}},"line":210},"19":{"name":"(anonymous_19)","decl":{"start":{"line":212,"column":19},"end":{"line":212,"column":26}},"loc":{"start":{"line":212,"column":32},"end":{"line":216,"column":null}},"line":212},"20":{"name":"(anonymous_20)","decl":{"start":{"line":219,"column":17},"end":{"line":219,"column":31}},"loc":{"start":{"line":219,"column":31},"end":{"line":219,"column":51}},"line":219},"21":{"name":"(anonymous_21)","decl":{"start":{"line":221,"column":8},"end":{"line":221,"column":29}},"loc":{"start":{"line":221,"column":29},"end":{"line":228,"column":null}},"line":221},"22":{"name":"(anonymous_22)","decl":{"start":{"line":231,"column":8},"end":{"line":231,"column":28}},"loc":{"start":{"line":231,"column":28},"end":{"line":232,"column":null}},"line":231},"23":{"name":"(anonymous_23)","decl":{"start":{"line":256,"column":10},"end":{"line":256,"column":25}},"loc":{"start":{"line":256,"column":25},"end":{"line":256,"column":38}},"line":256},"24":{"name":"(anonymous_24)","decl":{"start":{"line":316,"column":10},"end":{"line":316,"column":20}},"loc":{"start":{"line":316,"column":25},"end":{"line":316,"column":49}},"line":316},"25":{"name":"(anonymous_25)","decl":{"start":{"line":332,"column":47},"end":{"line":332,"column":62}},"loc":{"start":{"line":332,"column":62},"end":{"line":332,"column":78}},"line":332},"26":{"name":"(anonymous_26)","decl":{"start":{"line":335,"column":47},"end":{"line":335,"column":62}},"loc":{"start":{"line":335,"column":62},"end":{"line":335,"column":77}},"line":335},"27":{"name":"(anonymous_27)","decl":{"start":{"line":338,"column":47},"end":{"line":338,"column":62}},"loc":{"start":{"line":338,"column":62},"end":{"line":338,"column":79}},"line":338},"28":{"name":"(anonymous_28)","decl":{"start":{"line":350,"column":12},"end":{"line":350,"column":27}},"loc":{"start":{"line":350,"column":27},"end":{"line":350,"column":null}},"line":350},"29":{"name":"(anonymous_29)","decl":{"start":{"line":362,"column":18},"end":{"line":362,"column":23}},"loc":{"start":{"line":363,"column":12},"end":{"line":371,"column":null}},"line":363},"30":{"name":"(anonymous_30)","decl":{"start":{"line":369,"column":23},"end":{"line":369,"column":27}},"loc":{"start":{"line":369,"column":33},"end":{"line":369,"column":null}},"line":369}},"branchMap":{"0":{"loc":{"start":{"line":10,"column":22},"end":{"line":10,"column":47}},"type":"default-arg","locations":[{"start":{"line":10,"column":34},"end":{"line":10,"column":47}}],"line":10},"1":{"loc":{"start":{"line":19,"column":21},"end":{"line":19,"column":46}},"type":"default-arg","locations":[{"start":{"line":19,"column":33},"end":{"line":19,"column":46}}],"line":19},"2":{"loc":{"start":{"line":27,"column":17},"end":{"line":27,"column":42}},"type":"default-arg","locations":[{"start":{"line":27,"column":29},"end":{"line":27,"column":42}}],"line":27},"3":{"loc":{"start":{"line":35,"column":24},"end":{"line":35,"column":49}},"type":"default-arg","locations":[{"start":{"line":35,"column":36},"end":{"line":35,"column":49}}],"line":35},"4":{"loc":{"start":{"line":44,"column":21},"end":{"line":44,"column":46}},"type":"default-arg","locations":[{"start":{"line":44,"column":33},"end":{"line":44,"column":46}}],"line":44},"5":{"loc":{"start":{"line":53,"column":28},"end":{"line":53,"column":53}},"type":"default-arg","locations":[{"start":{"line":53,"column":40},"end":{"line":53,"column":53}}],"line":53},"6":{"loc":{"start":{"line":61,"column":21},"end":{"line":61,"column":48}},"type":"default-arg","locations":[{"start":{"line":61,"column":33},"end":{"line":61,"column":48}}],"line":61},"7":{"loc":{"start":{"line":91,"column":2},"end":{"line":91,"column":null}},"type":"if","locations":[{"start":{"line":91,"column":2},"end":{"line":91,"column":null}},{"start":{},"end":{}}],"line":91},"8":{"loc":{"start":{"line":92,"column":2},"end":{"line":92,"column":null}},"type":"if","locations":[{"start":{"line":92,"column":2},"end":{"line":92,"column":null}},{"start":{},"end":{}}],"line":92},"9":{"loc":{"start":{"line":101,"column":2},"end":{"line":101,"column":null}},"type":"if","locations":[{"start":{"line":101,"column":2},"end":{"line":101,"column":null}},{"start":{},"end":{}}],"line":101},"10":{"loc":{"start":{"line":102,"column":2},"end":{"line":102,"column":null}},"type":"if","locations":[{"start":{"line":102,"column":2},"end":{"line":102,"column":null}},{"start":{},"end":{}}],"line":102},"11":{"loc":{"start":{"line":111,"column":4},"end":{"line":111,"column":null}},"type":"if","locations":[{"start":{"line":111,"column":4},"end":{"line":111,"column":null}},{"start":{},"end":{}}],"line":111},"12":{"loc":{"start":{"line":126,"column":20},"end":{"line":128,"column":null}},"type":"cond-expr","locations":[{"start":{"line":127,"column":22},"end":{"line":127,"column":null}},{"start":{"line":128,"column":22},"end":{"line":128,"column":null}}],"line":126},"13":{"loc":{"start":{"line":132,"column":7},"end":{"line":140,"column":null}},"type":"binary-expr","locations":[{"start":{"line":132,"column":7},"end":{"line":132,"column":null}},{"start":{"line":133,"column":8},"end":{"line":140,"column":null}}],"line":132},"14":{"loc":{"start":{"line":135,"column":28},"end":{"line":137,"column":null}},"type":"cond-expr","locations":[{"start":{"line":136,"column":30},"end":{"line":136,"column":null}},{"start":{"line":137,"column":30},"end":{"line":137,"column":null}}],"line":135},"15":{"loc":{"start":{"line":161,"column":25},"end":{"line":163,"column":null}},"type":"cond-expr","locations":[{"start":{"line":162,"column":27},"end":{"line":162,"column":null}},{"start":{"line":163,"column":27},"end":{"line":163,"column":null}}],"line":161},"16":{"loc":{"start":{"line":165,"column":9},"end":{"line":165,"column":null}},"type":"cond-expr","locations":[{"start":{"line":165,"column":14},"end":{"line":165,"column":50}},{"start":{"line":165,"column":49},"end":{"line":165,"column":null}}],"line":165},"17":{"loc":{"start":{"line":175,"column":30},"end":{"line":177,"column":null}},"type":"cond-expr","locations":[{"start":{"line":176,"column":32},"end":{"line":176,"column":null}},{"start":{"line":177,"column":32},"end":{"line":177,"column":null}}],"line":175},"18":{"loc":{"start":{"line":179,"column":13},"end":{"line":179,"column":null}},"type":"cond-expr","locations":[{"start":{"line":179,"column":18},"end":{"line":179,"column":33}},{"start":{"line":179,"column":33},"end":{"line":179,"column":null}}],"line":179},"19":{"loc":{"start":{"line":186,"column":32},"end":{"line":186,"column":null}},"type":"cond-expr","locations":[{"start":{"line":186,"column":44},"end":{"line":186,"column":64}},{"start":{"line":186,"column":64},"end":{"line":186,"column":null}}],"line":186},"20":{"loc":{"start":{"line":213,"column":6},"end":{"line":213,"column":null}},"type":"if","locations":[{"start":{"line":213,"column":6},"end":{"line":213,"column":null}},{"start":{},"end":{}}],"line":213},"21":{"loc":{"start":{"line":213,"column":10},"end":{"line":213,"column":52}},"type":"binary-expr","locations":[{"start":{"line":213,"column":10},"end":{"line":213,"column":30}},{"start":{"line":213,"column":30},"end":{"line":213,"column":52}}],"line":213},"22":{"loc":{"start":{"line":214,"column":6},"end":{"line":214,"column":null}},"type":"if","locations":[{"start":{"line":214,"column":6},"end":{"line":214,"column":null}},{"start":{},"end":{}}],"line":214},"23":{"loc":{"start":{"line":215,"column":13},"end":{"line":215,"column":86}},"type":"binary-expr","locations":[{"start":{"line":215,"column":13},"end":{"line":215,"column":49}},{"start":{"line":215,"column":53},"end":{"line":215,"column":86}}],"line":215},"24":{"loc":{"start":{"line":232,"column":4},"end":{"line":232,"column":null}},"type":"if","locations":[{"start":{"line":232,"column":4},"end":{"line":232,"column":null}},{"start":{},"end":{}}],"line":232},"25":{"loc":{"start":{"line":238,"column":2},"end":{"line":263,"column":null}},"type":"if","locations":[{"start":{"line":238,"column":2},"end":{"line":263,"column":null}},{"start":{},"end":{}}],"line":238},"26":{"loc":{"start":{"line":344,"column":7},"end":{"line":373,"column":null}},"type":"cond-expr","locations":[{"start":{"line":345,"column":8},"end":{"line":361,"column":9}},{"start":{"line":361,"column":8},"end":{"line":373,"column":null}}],"line":344}},"s":{"0":66,"1":195,"2":43,"3":66,"4":66,"5":238,"6":0,"7":66,"8":238,"9":238,"10":238,"11":238,"12":238,"13":238,"14":142,"15":96,"16":96,"17":0,"18":0,"19":0,"20":101,"21":101,"22":101,"23":101,"24":53,"25":48,"26":48,"27":0,"28":66,"29":66,"30":238,"31":238,"32":238,"33":101,"34":238,"35":66,"36":48,"37":198,"38":238,"39":238,"40":66,"41":66,"42":66,"43":66,"44":66,"45":66,"46":330,"47":330,"48":66,"49":66,"50":66,"51":330,"52":16,"53":314,"54":140,"55":174,"56":66,"57":66,"58":66,"59":2,"60":2,"61":2,"62":2,"63":2,"64":2,"65":2,"66":66,"67":2,"68":66,"69":0,"70":0,"71":66,"72":36,"73":1,"74":2,"75":2,"76":1,"77":1,"78":101,"79":238},"f":{"0":66,"1":195,"2":43,"3":66,"4":66,"5":238,"6":0,"7":66,"8":238,"9":101,"10":66,"11":48,"12":198,"13":238,"14":66,"15":66,"16":330,"17":330,"18":66,"19":330,"20":66,"21":2,"22":2,"23":0,"24":36,"25":1,"26":2,"27":2,"28":1,"29":101,"30":238},"b":{"0":[66],"1":[195],"2":[43],"3":[66],"4":[66],"5":[238],"6":[0],"7":[142,96],"8":[96,0],"9":[53,48],"10":[48,0],"11":[101,137],"12":[66,132],"13":[198,198],"14":[66,132],"15":[195,43],"16":[195,43],"17":[195,43],"18":[195,43],"19":[43,195],"20":[16,314],"21":[330,50],"22":[140,174],"23":[174,102],"24":[0,2],"25":[0,66],"26":[13,53]},"meta":{"lastBranch":27,"lastFunction":31,"lastStatement":80,"seen":{"f:10:9:10:20":0,"b:10:34:10:47":0,"s:11:2:14:Infinity":0,"f:19:9:19:19":1,"b:19:33:19:46":1,"s:20:2:23:Infinity":1,"f:27:9:27:15":2,"b:27:29:27:42":2,"s:28:2:31:Infinity":2,"f:35:9:35:22":3,"b:35:36:35:49":3,"s:36:2:39:Infinity":3,"f:44:9:44:19":4,"b:44:33:44:46":4,"s:45:2:49:Infinity":4,"f:53:9:53:26":5,"b:53:40:53:53":5,"s:54:2:57:Infinity":5,"f:61:9:61:19":6,"b:61:33:61:48":6,"s:62:2:65:Infinity":6,"f:73:9:73:22":7,"s:74:2:80:Infinity":7,"f:86:9:86:20":8,"s:87:14:87:27":8,"s:88:14:88:24":9,"s:89:14:89:27":10,"s:89:29:89:Infinity":11,"s:90:15:90:84":12,"b:91:2:91:Infinity:undefined:undefined:undefined:undefined":7,"s:91:2:91:Infinity":13,"s:91:47:91:Infinity":14,"b:92:2:92:Infinity:undefined:undefined:undefined:undefined":8,"s:92:2:92:Infinity":15,"s:92:47:92:Infinity":16,"s:93:13:93:49":17,"s:94:13:94:54":18,"s:95:2:95:Infinity":19,"f:98:9:98:25":9,"s:99:14:99:24":20,"s:100:14:100:27":21,"s:100:29:100:Infinity":22,"b:101:2:101:Infinity:undefined:undefined:undefined:undefined":9,"s:101:2:101:Infinity":23,"s:101:50:101:Infinity":24,"b:102:2:102:Infinity:undefined:undefined:undefined:undefined":10,"s:102:2:102:Infinity":25,"s:102:50:102:Infinity":26,"s:103:2:103:Infinity":27,"f:106:9:106:20":10,"s:107:14:107:23":28,"s:108:2:112:Infinity":29,"s:109:16:109:31":30,"s:110:16:110:32":31,"b:111:4:111:Infinity:undefined:undefined:undefined:undefined":11,"s:111:4:111:Infinity":32,"s:111:23:111:Infinity":33,"s:112:4:112:Infinity":34
[...]
e":"binary-expr","locations":[{"start":{"line":236,"column":41},"end":{"line":236,"column":47}},{"start":{"line":236,"column":47},"end":{"line":236,"column":52}}],"line":236},"34":{"loc":{"start":{"line":280,"column":42},"end":{"line":280,"column":87}},"type":"cond-expr","locations":[{"start":{"line":280,"column":64},"end":{"line":280,"column":73}},{"start":{"line":280,"column":73},"end":{"line":280,"column":87}}],"line":280},"35":{"loc":{"start":{"line":316,"column":24},"end":{"line":318,"column":null}},"type":"cond-expr","locations":[{"start":{"line":317,"column":26},"end":{"line":317,"column":null}},{"start":{"line":318,"column":26},"end":{"line":318,"column":null}}],"line":316},"36":{"loc":{"start":{"line":343,"column":4},"end":{"line":343,"column":null}},"type":"if","locations":[{"start":{"line":343,"column":4},"end":{"line":343,"column":null}},{"start":{},"end":{}}],"line":343},"37":{"loc":{"start":{"line":346,"column":2},"end":{"line":354,"column":null}},"type":"if","locations":[{"start":{"line":346,"column":2},"end":{"line":354,"column":null}},{"start":{},"end":{}}],"line":346},"38":{"loc":{"start":{"line":392,"column":13},"end":{"line":404,"column":null}},"type":"cond-expr","locations":[{"start":{"line":393,"column":14},"end":{"line":397,"column":15}},{"start":{"line":397,"column":14},"end":{"line":404,"column":null}}],"line":392},"39":{"loc":{"start":{"line":415,"column":26},"end":{"line":415,"column":72}},"type":"cond-expr","locations":[{"start":{"line":415,"column":36},"end":{"line":415,"column":56}},{"start":{"line":415,"column":56},"end":{"line":415,"column":72}}],"line":415},"40":{"loc":{"start":{"line":447,"column":7},"end":{"line":469,"column":null}},"type":"cond-expr","locations":[{"start":{"line":448,"column":8},"end":{"line":460,"column":9}},{"start":{"line":460,"column":8},"end":{"line":469,"column":null}}],"line":447}},"s":{"0":61,"1":66,"2":66,"3":66,"4":66,"5":65,"6":209,"7":786,"8":209,"9":577,"10":127,"11":450,"12":131,"13":786,"14":786,"15":786,"16":66,"17":66,"18":66,"19":66,"20":66,"21":33,"22":33,"23":33,"24":33,"25":33,"26":0,"27":0,"28":0,"29":33,"30":33,"31":33,"32":33,"33":0,"34":33,"35":33,"36":33,"37":33,"38":0,"39":0,"40":0,"41":66,"42":33,"43":33,"44":26,"45":33,"46":33,"47":66,"48":0,"49":0,"50":264,"51":0,"52":0,"53":195,"54":98,"55":98,"56":98,"57":98,"58":27,"59":27,"60":27,"61":27,"62":98,"63":3,"64":3,"65":1,"66":98,"67":33,"68":1,"69":65,"70":65,"71":65,"72":1,"73":33},"f":{"0":61,"1":66,"2":66,"3":66,"4":66,"5":65,"6":209,"7":786,"8":131,"9":786,"10":66,"11":33,"12":33,"13":0,"14":33,"15":0,"16":33,"17":26,"18":33,"19":0,"20":0,"21":264,"22":0,"23":0,"24":195,"25":98,"26":27,"27":27,"28":3,"29":1,"30":1,"31":33},"b":{"0":[61],"1":[66],"2":[66],"3":[66],"4":[0,66],"5":[66],"6":[66],"7":[65],"8":[209],"9":[209,577],"10":[127,450],"11":[209,577],"12":[127,450],"13":[786,655],"14":[205,450],"15":[0,33],"16":[33,0],"17":[0,33],"18":[33,0],"19":[0,66],"20":[132,132],"21":[132,132],"22":[132,132],"23":[132,132],"24":[132,132],"25":[132,132],"26":[66,198],"27":[264,132],"28":[66,198],"29":[264,132],"30":[66,198],"31":[264,132],"32":[66,198],"33":[264,132],"34":[0,0],"35":[195,0],"36":[1,2],"37":[33,65],"38":[4,61],"39":[4,61],"40":[4,61]},"meta":{"lastBranch":41,"lastFunction":32,"lastStatement":74,"seen":{"f:10:9:10:16":0,"b:10:30:10:43":0,"s:11:2:22:Infinity":0,"f:27:9:27:19":1,"b:27:33:27:46":1,"s:28:2:31:Infinity":1,"f:35:9:35:19":2,"b:35:33:35:44":2,"b:35:53:35:62":3,"s:36:2:39:Infinity":2,"b:37:44:37:61:37:61:37:80":4,"f:43:9:43:18":3,"b:43:32:43:45":5,"s:44:2:49:Infinity":3,"f:54:9:54:22":4,"b:54:36:54:49":6,"s:55:2:58:Infinity":4,"f:63:9:63:17":5,"b:63:31:63:44":7,"s:64:2:67:Infinity":5,"f:72:9:72:19":6,"b:72:33:72:46":8,"s:73:2:76:Infinity":6,"f:83:9:83:17":7,"b:85:2:90:Infinity:undefined:undefined:undefined:undefined":9,"s:85:2:90:Infinity":7,"s:86:4:90:Infinity":8,"b:93:2:98:Infinity:undefined:undefined:undefined:undefined":10,"s:93:2:98:Infinity":9,"s:94:4:98:Infinity":10,"s:101:2:103:Infinity":11,"f:110:9:110:17":8,"s:111:2:126:Infinity":12,"f:113:37:113:42":9,"s:114:18:114:Infinity":13,"s:115:22:115:Infinity":14,"b:115:36:115:45:115:45:115:Infinity":11,"b:115:61:115:72:115:72:115:Infinity":12,"s:116:8:123:Infinity":15,"b:119:13:119:Infinity:120:14:121:Infinity":13,"b:121:32:121:50:121:50:121:87":14,"f:133:9:133:21":10,"s:134:8:134:31":16,"s:135:16:135:43":17,"s:136:17:136:53":18,"s:137:15:137:60":19,"s:139:2:161:Infinity":20,"f:139:2:139:18":11,"s:140:20:140:Infinity":21,"s:141:4:155:Infinity":22,"f:141:5:141:17":12,"s:142:6:153:Infinity":23,"s:143:23:145:10":24,"b:146:8:146:Infinity:undefined:undefined:undefined:undefined":15,"s:146:8:146:Infinity":25,"s:146:25:146:68":26,"f:146:44:146:52":13,"s:146:57:146:65":27,"s:146:68:146:Infinity":28,"b:147:8:149:Infinity:undefined:undefined:undefined:undefined":16,"s:147:8:149:Infinity":29,"s:148:10:148:Infinity":30,"s:149:10:149:Infinity":31,"s:151:8:151:Infinity":32,"s:153:8:153:Infinity":33,"s:156:4:159:Infinity":34,"f:156:4:156:17":14,"s:157:6:157:Infinity":35,"s:158:16:158:Infinity":36,"b:159:6:159:Infinity:undefined:undefined:undefined:undefined":17,"s:159:6:159:Infinity":37,"s:159:26:159:74":38,"f:159:50:159:58":15,"s:159:63:159:71":39,"s:159:74:159:Infinity":40,"s:164:2:169:Infinity":41,"f:164:2:164:18":16,"b:165:4:166:Infinity:undefined:undefined:undefined:undefined":18,"s:165:4:166:Infinity":42,"s:166:6:166:Infinity":43,"f:166:13:166:32":17,"s:166:41:166:57":44,"s:168:4:168:Infinity":45,"f:168:4:168:17":18,"s:168:19:168:Infinity":46,"s:171:2:301:Infinity":47,"f:203:10:203:25":19,"s:203:25:203:42":48,"f:203:25:203:34":20,"s:203:39:203:42":49,"b:208:26:208:Infinity:209:26:209:Infinity":19,"f:222:12:222:17":21,"s:223:12:238:Infinity":50,"b:227:21:227:31:227:31:227:40":20,"b:228:21:228:32:228:32:228:40":21,"b:229:34:229:43:229:43:229:Infinity":22,"b:230:34:230:56:230:56:230:Infinity":23,"b:231:34:231:43:231:43:231:Infinity":24,"b:232:34:232:56:232:56:232:Infinity":25,"b:233:52:233:57:233:57:233:Infinity":26,"b:233:41:233:47:233:47:233:52":27,"b:234:52:234:57:234:57:234:Infinity":28,"b:234:41:234:47:234:47:234:52":29,"b:235:52:235:57:235:57:235:Infinity":30,"b:235:41:235:47:235:47:235:52":31,"b:236:52:236:57:236:57:236:Infinity":32,"b:236:41:236:47:236:47:236:52":33,"f:280:12:280:27":22,"s:280:27:280:87":51,"f:280:27:280:37":23,"s:280:42:280:87":52,"b:280:64:280:73:280:73:280:87":34,"f:312:9:312:20":24,"s:313:2:322:Infinity":53,"b:317:26:317:Infinity:318:26:318:Infinity":35,"f:330:24:330:35":25,"s:331:19:331:49":54,"s:332:25:332:57":55,"s:333:24:333:Infinity":56,"s:335:8:338:Infinity":57,"f:335:8:335:26":26,"s:336:4:336:Infinity":58,"s:337:4:337:Infinity":59,"f:337:4:337:22":27,"s:337:27:337:61":60,"s:338:4:338:Infinity":61,"s:341:8:343:Infinity":62,"f:341:8:341:34":28,"s:342:17:342:45":63,"b:343:4:343:Infinity:undefined:undefined:undefined:undefined":36,"s:343:4:343:Infinity":64,"s:343:14:343:Infinity":65,"b:346:2:354:Infinity:undefined:undefined:undefined:undefined":37,"s:346:2:354:Infinity":66,"s:347:4:354:Infinity":67,"f:351:8:351:23":29,"s:351:23:351:41":68,"s:358:18:358:Infinity":69,"s:359:19:361:4":70,"s:363:2:469:Infinity":71,"b:393:14:397:15:397:14:404:Infinity":38,"b:415:36:415:56:415:56:415:72":39,"b:448:8:460:9:460:8:469:Infinity":40,"f:449:10:449:25":30,"s:449:25:449:45":72,"f:461:10:461:25":31,"s:461:25:461:42":73}}}
,"E:\\qr-checklist\\frontend\\src\\pages\\StationDisplayPage.jsx": {"path":"E:\\qr-checklist\\frontend\\src\\pages\\StationDisplayPage.jsx","statementMap":{"0":{"start":{"line":11,"column":2},"end":{"line":14,"column":null}},"1":{"start":{"line":19,"column":2},"end":{"line":24,"column":null}},"2":{"start":{"line":33,"column":14},"end":{"line":33,"column":50}},"3":{"start":{"line":33,"column":39},"end":{"line":33,"column":49}},"4":{"start":{"line":34,"column":2},"end":{"line":37,"column":null}},"5":{"start":{"line":35,"column":14},"end":{"line":35,"column":57}},"6":{"start":{"line":35,"column":32},"end":{"line":35,"column":50}},"7":{"start":{"line":36,"column":4},"end":{"line":36,"column":null}},"8":{"start":{"line":36,"column":17},"end":{"line":36,"column":33}},"9":{"start":{"line":38,"column":2},"end":{"line":38,"column":null}},"10":{"start":{"line":45,"column":14},"end":{"line":45,"column":22}},"11":{"start":{"line":48,"column":21},"end":{"line":48,"column":null}},"12":{"start":{"line":51,"column":8},"end":{"line":53,"column":null}},"13":{"start":{"line":52,"column":10},"end":{"line":52,"column":null}},"14":{"start":{"line":56,"column":15},"end":{"line":58,"column":4}},"15":{"start":{"line":59,"column":18},"end":{"line":61,"column":4}},"16":{"start":{"line":63,"column":2},"end":{"line":153,"column":null}},"17":{"start":{"line":167,"column":8},"end":{"line":196,"column":15}},"18":{"start":{"line":169,"column":14},"end":{"line":169,"column":null}},"19":{"start":{"line":170,"column":16},"end":{"line":170,"column":18}},"20":{"start":{"line":171,"column":15},"end":{"line":171,"column":null}},"21":{"start":{"line":172,"column":4},"end":{"line":172,"column":null}},"22":{"start":{"line":172,"column":17},"end":{"line":172,"column":20}},"23":{"start":{"line":172,"column":45},"end":{"line":172,"column":null}},"24":{"start":{"line":173,"column":10},"end":{"line":175,"column":null}},"25":{"start":{"line":174,"column":6},"end":{"line":174,"column":null}},"26":{"start":{"line":175,"column":6},"end":{"line":175,"column":null}},"27":{"start":{"line":177,"column":4},"end":{"line":193,"column":null}},"28":{"start":{"line":177,"column":17},"end":{"line":177,"column":20}},"29":{"start":{"line":178,"column":18},"end":{"line":178,"column":20}},"30":{"start":{"line":179,"column":6},"end":{"line":190,"column":null}},"31":{"start":{"line":179,"column":19},"end":{"line":179,"column":22}},"32":{"start":{"line":180,"column":14},"end":{"line":181,"column":null}},"33":{"start":{"line":181,"column":10},"end":{"line":181,"column":null}},"34":{"start":{"line":182,"column":8},"end":{"line":190,"column":null}},"35":{"start":{"line":184,"column":21},"end":{"line":184,"column":null}},"36":{"start":{"line":185,"column":21},"end":{"line":185,"column":null}},"37":{"start":{"line":186,"column":23},"end":{"line":186,"column":null}},"38":{"start":{"line":187,"column":24},"end":{"line":187,"column":null}},"39":{"start":{"line":188,"column":10},"end":{"line":188,"column":null}},"40":{"start":{"line":190,"column":10},"end":{"line":190,"column":null}},"41":{"start":{"line":193,"column":6},"end":{"line":193,"column":null}},"42":{"start":{"line":195,"column":4},"end":{"line":195,"column":null}},"43":{"start":{"line":198,"column":12},"end":{"line":198,"column":null}},"44":{"start":{"line":199,"column":2},"end":{"line":210,"column":null}},"45":{"start":{"line":207,"column":8},"end":{"line":208,"column":null}},"46":{"start":{"line":208,"column":10},"end":{"line":208,"column":null}}},"fnMap":{"0":{"name":"ClockIcon","decl":{"start":{"line":10,"column":9},"end":{"line":10,"column":19}},"loc":{"start":{"line":10,"column":46},"end":{"line":14,"column":null}},"line":10},"1":{"name":"UsersIcon","decl":{"start":{"line":18,"column":9},"end":{"line":18,"column":19}},"loc":{"start":{"line":18,"column":46},"end":{"line":24,"column":null}},"line":18},"2":{"name":"useNow","decl":{"start":{"line":32,"column":9},"end":{"line":32,"column":18}},"loc":{"start":{"line":32,"column":18},"end":{"line":38,"column":null}},"line":32},"3":{"name":"(anonymous_3)","decl":{"start":{"line":33,"column":24},"end":{"line":33,"column":39}},"loc":{"start":{"line":33,"column":39},"end":{"line":33,"column":49}},"line":33},"4":{"name":"(anonymous_4)","decl":{"start":{"line":34,"column":2},"end":{"line":34,"column":18}},"loc":{"start":{"line":34,"column":18},"end":{"line":37,"column":7}},"line":34},"5":{"name":"(anonymous_5)","decl":{"start":{"line":35,"column":14},"end":{"line":35,"column":32}},"loc":{"start":{"line":35,"column":32},"end":{"line":35,"column":50}},"line":35},"6":{"name":"(anonymous_6)","decl":{"start":{"line":36,"column":4},"end":{"line":36,"column":17}},"loc":{"start":{"line":36,"column":17},"end":{"line":36,"column":33}},"line":36},"7":{"name":"StationDisplayPage","decl":{"start":{"line":44,"column":24},"end":{"line":44,"column":43}},"loc":{"start":{"line":44,"column":71},"end":{"line":153,"column":null}},"line":44},"8":{"name":"(anonymous_8)","decl":{"start":{"line":51,"column":20},"end":{"line":51,"column":null}},"loc":{"start":{"line":52,"column":10},"end":{"line":52,"column":null}},"line":52},"9":{"name":"QRPlaceholder","decl":{"start":{"line":166,"column":9},"end":{"line":166,"column":23}},"loc":{"start":{"line":166,"column":36},"end":{"line":210,"column":null}},"line":166},"10":{"name":"(anonymous_10)","decl":{"start":{"line":167,"column":15},"end":{"line":167,"column":29}},"loc":{"start":{"line":167,"column":29},"end":{"line":196,"column":6}},"line":167},"11":{"name":"(anonymous_11)","decl":{"start":{"line":173,"column":10},"end":{"line":173,"column":23}},"loc":{"start":{"line":173,"column":23},"end":{"line":175,"column":null}},"line":173},"12":{"name":"(anonymous_12)","decl":{"start":{"line":180,"column":14},"end":{"line":180,"column":26}},"loc":{"start":{"line":181,"column":10},"end":{"line":181,"column":null}},"line":181},"13":{"name":"(anonymous_13)","decl":{"start":{"line":206,"column":12},"end":{"line":206,"column":17}},"loc":{"start":{"line":207,"column":8},"end":{"line":208,"column":null}},"line":207},"14":{"name":"(anonymous_14)","decl":{"start":{"line":207,"column":12},"end":{"line":207,"column":17}},"loc":{"start":{"line":208,"column":10},"end":{"line":208,"column":null}},"line":208}},"branchMap":{"0":{"loc":{"start":{"line":10,"column":21},"end":{"line":10,"column":46}},"type":"default-arg","locations":[{"start":{"line":10,"column":33},"end":{"line":10,"column":46}}],"line":10},"1":{"loc":{"start":{"line":18,"column":21},"end":{"line":18,"column":46}},"type":"default-arg","locations":[{"start":{"line":18,"column":33},"end":{"line":18,"column":46}}],"line":18},"2":{"loc":{"start":{"line":44,"column":45},"end":{"line":44,"column":71}},"type":"default-arg","locations":[{"start":{"line":44,"column":59},"end":{"line":44,"column":71}}],"line":44},"3":{"loc":{"start":{"line":181,"column":10},"end":{"line":181,"column":null}},"type":"binary-expr","locations":[{"start":{"line":181,"column":10},"end":{"line":181,"column":21}},{"start":{"line":181,"column":21},"end":{"line":181,"column":35}},{"start":{"line":181,"column":35},"end":{"line":181,"column":46}},{"start":{"line":181,"column":46},"end":{"line":181,"column":null}}],"line":181},"4":{"loc":{"start":{"line":182,"column":8},"end":{"line":190,"column":null}},"type":"if","locations":[{"start":{"line":182,"column":8},"end":{"line":190,"column":null}},{"start":{"line":189,"column":15},"end":{"line":190,"column":null}}],"line":182},"5":{"loc":{"start":{"line":182,"column":12},"end":{"line":182,"column":64}},"type":"binary-expr","locations":[{"start":{"line":182,"column":12},"end":{"line":182,"column":26}},{"start":{"line":182,"column":30},"end":{"line":182,"column":45}},{"start":{"line":182,"column":49},"end":{"line":182,"column":64}}],"line":182},"6":{"loc":{"start":{"line":184,"column":26},"end":{"line":184,"column":null}},"type":"cond-expr","locations":[{"start":{"line":184,"column":36},"end":{"line":184,"column":41}},{"start":{"line":184,"column":41},"end":{"line":184,"column":null}}],"line":184},"7":{"loc":{"start":{"line":185,"column":26},"end":{"line":185,"column":null}},"type":"cond-expr","locations":[{"start":{"line":185,"column":36},"end":{"line":185,"column":41}},{"start":{"line":185,"column":41},"end":{"line":185,"column":null}}],"line":185},"8":{"loc":{"start":{"line":186,"column":23},"end":{"line":186,"column":null}},"type":"binary-expr","locations":[{"start":{"line":186,"column":23},"end":{"line":186,"column":35}},{"start":{"line":186,"column":35},"end":{"line":186,"column":47}},{"start":{"line":186,"column":47},"end":{"line":186,"column":59}},{"start":{"line":186,"column":59},"end":{"line":186,"column":null}}],"line":186},"9":{"loc":{"start":{"line":187,"column":24},"end":{"line":187,"column":null}},"type":"binary-expr","locations":[{"start":{"line":187,"column":24},"end":{"line":187,"column":35}},{"start":{"line":187,"column":35},"end":{"line":187,"column":46}},{"start":{"line":187,"column":46},"end":{"line":187,"column":57}},{"start":{"line":187,"column":57},"end":{"line":187,"column":null}}],"line":187},"10":{"loc":{"start":{"line":188,"column":19},"end":{"line":188,"column":41}},"type":"cond-expr","locations":[{"start":{"line":188,"column":35},"end":{"line":188,"column":39}},{"start":{"line":188,"column":39},"end":{"line":188,"column":41}}],"line":188},"11":{"loc":{"start":{"line":188,"column":19},"end":{"line":188,"column":35}},"type":"binary-expr","locations":[{"start":{"line":188,"column":19},"end":{"line":188,"column":27}},{"start":{"line":188,"column":27},"end":{"line":188,"column":35}}],"line":188},"12":{"loc":{"start":{"line":208,"column":10},"end":{"line":208,"column":null}},"type":"cond-expr","locations":[{"start":{"line":208,"column":14},"end":{"line":208,"column":90}},{"start":{"line":208,"column":90},"end":{"line":208,"column":null}}],"line":208}},"s":{"0":11,"1":11,"2":11,"3":10,"4":11,"5":10,"6":61,"7":10,"8":10,"9":11,"10":11,"11":11,"12":11,"13":10,"14":11,"15":11,"16":11,"17":11,"18":10,"19":10,"20":10,"21":10,"22":10,"23":390,"24":10,"25":2940,"26":2940,"27":10,"28":10,"29":210,"30":210,"31":210,"32":4410,"33":11760,"34":4410,"35":1470,"36":1470,"37":1470,"38":1470,"39":1470,"40":2940,"41":4410,"42":210,"43":11,"44":11,"45":231,"46":4851},"f":{"0":11,"1":11,"2":11,"3":10,"4":10,"5":61,"6":10,"7":11,"8":10,"9":11,"10":10,"11":2940,"12":11760,"13":231,"14":4851},"b":{"0":[11],"1":[11],"2":[11],"3":[11760,9310,3920,3430],"4":[1470,2940],"5":[4410,3920,3430],"6":[490,980],"7":[490,980],"8":[1470,1260,1050,900],"9":[1470,1050,630,450],"10":[990,480],"11":[1470,750],"12":[2773,2078]},"meta":{"lastBranch":13,"lastFunction":15,"lastStatement":47,"seen":{"f:10:9:10:19":0,"b:10:33:10:46":0,"s:11:2:14:Infinity":0,"f:18:9:18:19":1,"b:18:33:18:46":1,"s:19:2:24:Infinity":1,"f:32:9:32:18":2,"s:33:14:33:50":2,"f:33:24:33:39":3,"s:33:39:33:49":3,"s:34:2:37:Infinity":4,"f:34:2:34:18":4,"s:35:14:35:57":5,"f:35:14:35:32":5,"s:35:32:35:50":6,"s:36:4:36:Infinity":7,"f:36:4:36:17":6,"s:36:17:36:33":8,"s:38:2:38:Infinity":9,"f:44:24:44:43":7,"b:44:59:44:71":2,"s:45:14:45:22":10,"s:48:21:48:Infinity":11,"s:51:8:53:Infinity":12,"f:51:20:51:Infinity":8,"s:52:10:52:Infinity":13,"s:56:15:58:4":14,"s:59:18:61:4":15,"s:63:2:153:Infinity":16,"f:166:9:166:23":9,"s:167:8:196:15":17,"f:167:15:167:29":10,"s:169:14:169:Infinity":18,"s:170:16:170:18":19,"s:171:15:171:Infinity":20,"s:172:4:172:Infinity":21,"s:172:17:172:20":22,"s:172:45:172:Infinity":23,"s:173:10:175:Infinity":24,"f:173:10:173:23":11,"s:174:6:174:Infinity":25,"s:175:6:175:Infinity":26,"s:177:4:193:Infinity":27,"s:177:17:177:20":28,"s:178:18:178:20":29,"s:179:6:190:Infinity":30,"s:179:19:179:22":31,"s:180:14:181:Infinity":32,"f:180:14:180:26":12,"s:181:10:181:Infinity":33,"b:181:10:181:21:181:21:181:35:181:35:181:46:181:46:181:Infinity":3,"b:182:8:190:Infinity:189:15:190:Infinity":4,"s:182:8:190:Infinity":34,"b:182:12:182:26:182:30:182:45:182:49:182:64":5,"s:184:21:184:Infinity":35,"b:184:36:184:41:184:41:184:Infinity":6,"s:185:21:185:Infinity":36,"b:185:36:185:41:185:41:185:Infinity":7,"s:186:23:186:Infinity":37,"b:186:23:186:35:186:35:186:47:186:47:186:59:186:59:186:Infinity":8,"s:187:24:187:Infinity":38,"b:187:24:187:35:187:35:187:46:187:46:187:57:187:57:187:Infinity":9,"s:188:10:188:Infinity":39,"b:188:35:188:39:188:39:188:41":10,"b:188:19:188:27:188:27:188:35":11,"s:190:10:190:Infinity":40,"s:193:6:193:Infinity":41,"s:195:4:195:Infinity":42,"s:198:12:198:Infinity":43,"s:199:2:210:Infinity":44,"f:206:12:206:17":13,"s:207:8:208:Infinity":45,"f:207:12:207:17":14,"s:208:10:208:Infinity":46,"b:208:14:208:90:208:90:208:Infinity":12}}}
}
